Log file open, 11/12/19 17:08:53
LogWindows: Failed to load 'aqProf.dll' (GetLastError=126)
LogWindows: File 'aqProf.dll' does not exist
LogWindows: Failed to load 'VtuneApi.dll' (GetLastError=126)
LogWindows: File 'VtuneApi.dll' does not exist
LogWindows: Failed to load 'VtuneApi32e.dll' (GetLastError=126)
LogWindows: File 'VtuneApi32e.dll' does not exist
LogConsoleResponse: Display: Failed to find resolution value strings in scalability ini. Falling back to default.
LogInit: Display: Running engine for game: PlatformerKit2D
LogPakFile: Registered encryption key '00000000000000000000000000000000': 0 pak files mounted, 0 remain pending
LogPlatformFile: Not using cached read wrapper
LogTaskGraph: Started task graph with 5 named threads and 23 total threads with 3 sets of task threads.
LogStats: Stats thread started at 0.369011
LogD3D11RHI: Loaded GFSDK_Aftermath_Lib.x64.dll
LogICUInternationalization: ICU TimeZone Detection - Raw Offset: -8:00, Platform Override: ''
LogPluginManager: Mounting plugin Paper2D
LogPluginManager: Mounting plugin AISupport
LogPluginManager: Mounting plugin LightPropagationVolume
LogPluginManager: Mounting plugin ActorLayerUtilities
LogPluginManager: Mounting plugin CLionSourceCodeAccess
LogPluginManager: Mounting plugin CodeLiteSourceCodeAccess
LogPluginManager: Mounting plugin GitSourceControl
LogPluginManager: Mounting plugin KDevelopSourceCodeAccess
LogPluginManager: Mounting plugin NullSourceCodeAccess
LogPluginManager: Mounting plugin PerforceSourceControl
LogPluginManager: Mounting plugin SubversionSourceControl
LogPluginManager: Mounting plugin UObjectPlugin
LogPluginManager: Mounting plugin VisualStudioCodeSourceCodeAccess
LogPluginManager: Mounting plugin VisualStudioSourceCodeAccess
LogPluginManager: Mounting plugin XCodeSourceCodeAccess
LogPluginManager: Mounting plugin AssetManagerEditor
LogPluginManager: Mounting plugin CryptoKeys
LogPluginManager: Mounting plugin DataValidation
LogPluginManager: Mounting plugin FacialAnimation
LogPluginManager: Mounting plugin GameplayTagsEditor
LogPluginManager: Mounting plugin MacGraphicsSwitching
LogPluginManager: Mounting plugin MeshEditor
LogPluginManager: Mounting plugin MobileLauncherProfileWizard
LogPluginManager: Mounting plugin PluginBrowser
LogPluginManager: Mounting plugin SpeedTreeImporter
LogPluginManager: Mounting plugin DatasmithContent
LogPluginManager: Mounting plugin VariantManagerContent
LogPluginManager: Mounting plugin AlembicImporter
LogPluginManager: Mounting plugin AppleImageUtils
LogPluginManager: Mounting plugin AppleVision
LogPluginManager: Mounting plugin BackChannel
LogPluginManager: Mounting plugin CharacterAI
LogPluginManager: Mounting plugin GeometryCache
LogPluginManager: Mounting plugin HTML5Networking
LogPluginManager: Mounting plugin ProxyLODPlugin
LogPluginManager: Mounting plugin MagicLeap
LogPluginManager: Mounting plugin MagicLeapMedia
LogPluginManager: Mounting plugin AndroidMedia
LogPluginManager: Mounting plugin AvfMedia
LogPluginManager: Mounting plugin ImgMedia
LogPluginManager: Mounting plugin LinearTimecode
LogPluginManager: Mounting plugin MediaCompositing
LogPluginManager: Mounting plugin MediaPlayerEditor
LogPluginManager: Mounting plugin WebMMedia
LogPluginManager: Mounting plugin WmfMedia
LogPluginManager: Mounting plugin TcpMessaging
LogPluginManager: Mounting plugin UdpMessaging
LogPluginManager: Mounting plugin ActorSequence
LogPluginManager: Mounting plugin LevelSequenceEditor
LogPluginManager: Mounting plugin MatineeToLevelSequence
LogPluginManager: Mounting plugin NetcodeUnitTest
LogPluginManager: Mounting plugin NUTUnrealEngine4
LogPluginManager: Mounting plugin OnlineSubsystemGooglePlay
LogPluginManager: Mounting plugin OnlineSubsystemIOS
LogPluginManager: Mounting plugin OnlineSubsystem
LogPluginManager: Mounting plugin OnlineSubsystemNull
LogPluginManager: Mounting plugin OnlineSubsystemUtils
LogPluginManager: Mounting plugin LauncherChunkInstaller
LogPluginManager: Mounting plugin AndroidDeviceProfileSelector
LogPluginManager: Mounting plugin AndroidMoviePlayer
LogPluginManager: Mounting plugin AndroidPermission
LogPluginManager: Mounting plugin ApexDestruction
LogPluginManager: Mounting plugin AppleMoviePlayer
LogPluginManager: Mounting plugin ArchVisCharacter
LogPluginManager: Mounting plugin AudioCapture
LogPluginManager: Mounting plugin CableComponent
LogPluginManager: Mounting plugin CustomMeshComponent
LogPluginManager: Mounting plugin EditableMesh
LogPluginManager: Mounting plugin ExampleDeviceProfileSelector
LogPluginManager: Mounting plugin Firebase
LogPluginManager: Mounting plugin GoogleCloudMessaging
LogPluginManager: Mounting plugin IOSDeviceProfileSelector
LogPluginManager: Mounting plugin LinuxDeviceProfileSelector
LogPluginManager: Mounting plugin LocationServicesBPLibrary
LogPluginManager: Mounting plugin MobilePatchingUtils
LogPluginManager: Mounting plugin OculusVR
LogPluginManager: Mounting plugin PhysXVehicles
LogPluginManager: Mounting plugin ProceduralMeshComponent
LogPluginManager: Mounting plugin RuntimePhysXCooking
LogPluginManager: Mounting plugin WebMMoviePlayer
LogPluginManager: Mounting plugin WindowsMoviePlayer
LogStreaming: Display: Took  0.145s to configure plugins.
LogInit: Using libcurl 7.55.1-DEV
LogInit:  - built for x86_64-pc-win32
LogInit:  - supports SSL with OpenSSL/1.0.2h
LogInit:  - supports HTTP deflate (compression) using libz 1.2.8
LogInit:  - other features:
LogInit:      CURL_VERSION_SSL
LogInit:      CURL_VERSION_LIBZ
LogInit:      CURL_VERSION_IPV6
LogInit:      CURL_VERSION_ASYNCHDNS
LogInit:      CURL_VERSION_LARGEFILE
LogInit:      CURL_VERSION_IDN
LogInit:  CurlRequestOptions (configurable via config and command line):
LogInit:  - bVerifyPeer = true  - Libcurl will verify peer certificate
LogInit:  - bUseHttpProxy = false  - Libcurl will NOT use HTTP proxy
LogInit:  - bDontReuseConnections = false  - Libcurl will reuse connections
LogInit:  - MaxHostConnections = 16  - Libcurl will limit the number of connections to a host
LogInit:  - LocalHostAddr = Default
LogInit:  - BufferSize = 65536
LogInit: WinSock: version 1.1 (2.2), MaxSocks=32767, MaxUdp=65467
LogInit: Build: ++UE4+Release-4.21-CL-4753647
LogInit: Engine Version: 4.21.2-4753647+++UE4+Release-4.21
LogInit: Compatible Engine Version: 4.21.0-4541578+++UE4+Release-4.21
LogInit: Net CL: 4541578
LogInit: OS: Windows 10 (), CPU: Intel(R) Core(TM) i7 CPU         920  @ 2.67GHz, GPU: AMD Radeon (TM) R7 360 Series
LogInit: Compiled (64-bit): Jan 19 2019 02:07:31
LogInit: Compiled with Visual C++: 19.13.26129.00
LogInit: Build Configuration: Development
LogInit: Branch Name: ++UE4+Release-4.21
LogInit: Command Line: 
LogInit: Base Directory: C:/Program Files/Epic Games/UE_4.21/Engine/Binaries/Win64/
LogInit: Installed Engine Build: 1
LogDevObjectVersion: Number of dev versions registered: 22
LogDevObjectVersion:   Dev-Blueprints (B0D832E4-1F89-4F0D-ACCF-7EB736FD4AA2): 10
LogDevObjectVersion:   Dev-Build (E1C64328-A22C-4D53-A36C-8E866417BD8C): 0
LogDevObjectVersion:   Dev-Core (375EC13C-06E4-48FB-B500-84F0262A717E): 2
LogDevObjectVersion:   Dev-Editor (E4B068ED-F494-42E9-A231-DA0B2E46BB41): 26
LogDevObjectVersion:   Dev-Framework (CFFC743F-43B0-4480-9391-14DF171D2073): 34
LogDevObjectVersion:   Dev-Mobile (B02B49B5-BB20-44E9-A304-32B752E40360): 2
LogDevObjectVersion:   Dev-Networking (A4E4105C-59A1-49B5-A7C5-40C4547EDFEE): 0
LogDevObjectVersion:   Dev-Online (39C831C9-5AE6-47DC-9A44-9C173E1C8E7C): 0
LogDevObjectVersion:   Dev-Physics (78F01B33-EBEA-4F98-B9B4-84EACCB95AA2): 0
LogDevObjectVersion:   Dev-Platform (6631380F-2D4D-43E0-8009-CF276956A95A): 0
LogDevObjectVersion:   Dev-Rendering (12F88B9F-8875-4AFC-A67C-D90C383ABD29): 27
LogDevObjectVersion:   Dev-Sequencer (7B5AE74C-D270-4C10-A958-57980B212A5A): 9
LogDevObjectVersion:   Dev-VR (D7296918-1DD6-4BDD-9DE2-64A83CC13884): 2
LogDevObjectVersion:   Dev-LoadTimes (C2A15278-BFE7-4AFE-6C17-90FF531DF755): 1
LogDevObjectVersion:   Private-Geometry (6EACA3D4-40EC-4CC1-B786-8BED09428FC5): 3
LogDevObjectVersion:   Dev-AnimPhys (29E575DD-E0A3-4627-9D10-D276232CDCEA): 17
LogDevObjectVersion:   Dev-Anim (AF43A65D-7FD3-4947-9873-3E8ED9C1BB05): 2
LogDevObjectVersion:   Dev-ReflectionCapture (6B266CEC-1EC7-4B8F-A30B-E4D90942FC07): 1
LogDevObjectVersion:   Dev-Automation (0DF73D61-A23F-47EA-B727-89E90C41499A): 1
LogDevObjectVersion:   FortniteMain (601D1886-AC64-4F84-AA16-D3DE0DEAC7D6): 17
LogDevObjectVersion:   Dev-Enterprise (9DFFBCD6-494F-0158-E221-12823C92A888): 4
LogDevObjectVersion:   Dev-Niagara (F2AED0AC-9AFE-416F-8664-AA7FFA26D6FC): 1
LogStreaming: Display: Took  0.000s to delete old logs.
LogInit: Presizing for max 8388607 objects, including 0 objects not considered by GC, pre-allocating 0 bytes for permanent pool.
LogInit: Object subsystem initialized
LogConfig: Setting CVar [[con.DebugEarlyDefault:1]]
LogConfig: Setting CVar [[r.setres:1280x720]]
[2019.11.13-01.08.54:077][  0]LogConfig: Setting CVar [[r.VSync:0]]
[2019.11.13-01.08.54:077][  0]LogConfig: Setting CVar [[r.RHICmdBypass:0]]
[2019.11.13-01.08.54:077][  0]LogConfig: Applying CVar settings from Section [/Script/Engine.RendererSettings] File [C:/Users/XW4600/Documents/Unreal Projects/PlatformerKit2D/Saved/Config/Windows/Engine.ini]
[2019.11.13-01.08.54:077][  0]LogConfig: Setting CVar [[r.GPUCrashDebugging:0]]
[2019.11.13-01.08.54:077][  0]LogConfig: Setting CVar [[r.MobileHDR:0]]
[2019.11.13-01.08.54:077][  0]LogConfig: Setting CVar [[r.MobileNumDynamicPointLights:4]]
[2019.11.13-01.08.54:077][  0]LogConfig: Setting CVar [[r.MobileDynamicPointLightsUseStaticBranch:1]]
[2019.11.13-01.08.54:077][  0]LogConfig: Setting CVar [[r.AllowOcclusionQueries:1]]
[2019.11.13-01.08.54:077][  0]LogConfig: Setting CVar [[r.MinScreenRadiusForLights:0.030000]]
[2019.11.13-01.08.54:077][  0]LogConfig: Setting CVar [[r.MinScreenRadiusForDepthPrepass:0.030000]]
[2019.11.13-01.08.54:077][  0]LogConfig: Setting CVar [[r.PrecomputedVisibilityWarning:0]]
[2019.11.13-01.08.54:077][  0]LogConfig: Setting CVar [[r.TextureStreaming:1]]
[2019.11.13-01.08.54:077][  0]LogConfig: Setting CVar [[Compat.UseDXT5NormalMaps:0]]
[2019.11.13-01.08.54:077][  0]LogConfig: Setting CVar [[r.AllowStaticLighting:1]]
[2019.11.13-01.08.54:077][  0]LogConfig: Setting CVar [[r.NormalMapsForStaticLighting:0]]
[2019.11.13-01.08.54:077][  0]LogConfig: Setting CVar [[r.GenerateMeshDistanceFields:0]]
[2019.11.13-01.08.54:077][  0]LogConfig: Setting CVar [[r.GenerateLandscapeGIData:1]]
[2019.11.13-01.08.54:077][  0]LogConfig: Setting CVar [[r.TessellationAdaptivePixelsPerTriangle:48.000000]]
[2019.11.13-01.08.54:077][  0]LogConfig: Setting CVar [[r.SeparateTranslucency:0]]
[2019.11.13-01.08.54:077][  0]LogConfig: Setting CVar [[r.TranslucentSortPolicy:0]]
[2019.11.13-01.08.54:078][  0]LogConfig: Setting CVar [[r.CustomDepth:1]]
[2019.11.13-01.08.54:078][  0]LogConfig: Setting CVar [[r.DefaultFeature.Bloom:0]]
[2019.11.13-01.08.54:078][  0]LogConfig: Setting CVar [[r.DefaultFeature.AmbientOcclusion:0]]
[2019.11.13-01.08.54:078][  0]LogConfig: Setting CVar [[r.DefaultFeature.AmbientOcclusionStaticFraction:1]]
[2019.11.13-01.08.54:078][  0]LogConfig: Setting CVar [[r.DefaultFeature.AutoExposure:0]]
[2019.11.13-01.08.54:078][  0]LogConfig: Setting CVar [[r.DefaultFeature.MotionBlur:0]]
[2019.11.13-01.08.54:078][  0]LogConfig: Setting CVar [[r.DefaultFeature.LensFlare:0]]
[2019.11.13-01.08.54:078][  0]LogConfig: Setting CVar [[r.DefaultFeature.AntiAliasing:0]]
[2019.11.13-01.08.54:078][  0]LogConfig: Setting CVar [[r.EarlyZPass:3]]
[2019.11.13-01.08.54:078][  0]LogConfig: Setting CVar [[r.EarlyZPassMovable:0]]
[2019.11.13-01.08.54:078][  0]LogConfig: Setting CVar [[r.DBuffer:0]]
[2019.11.13-01.08.54:078][  0]LogConfig: Setting CVar [[r.ClearSceneMethod:1]]
[2019.11.13-01.08.54:078][  0]LogConfig: Setting CVar [[r.BasePassOutputsVelocity:0]]
[2019.11.13-01.08.54:078][  0]LogConfig: Setting CVar [[r.WireframeCullThreshold:5.000000]]
[2019.11.13-01.08.54:078][  0]LogConfig: Applying CVar settings from Section [/Script/Engine.RendererOverrideSettings] File [C:/Users/XW4600/Documents/Unreal Projects/PlatformerKit2D/Saved/Config/Windows/Engine.ini]
[2019.11.13-01.08.54:078][  0]LogConfig: Applying CVar settings from Section [/Script/Engine.StreamingSettings] File [C:/Users/XW4600/Documents/Unreal Projects/PlatformerKit2D/Saved/Config/Windows/Engine.ini]
[2019.11.13-01.08.54:078][  0]LogConfig: Setting CVar [[s.MinBulkDataSizeForAsyncLoading:131072]]
[2019.11.13-01.08.54:078][  0]LogConfig: Setting CVar [[s.AsyncLoadingThreadEnabled:0]]
[2019.11.13-01.08.54:078][  0]LogConfig: Setting CVar [[s.EventDrivenLoaderEnabled:1]]
[2019.11.13-01.08.54:078][  0]LogConfig: Setting CVar [[s.WarnIfTimeLimitExceeded:0]]
[2019.11.13-01.08.54:078][  0]LogConfig: Setting CVar [[s.TimeLimitExceededMultiplier:1.5]]
[2019.11.13-01.08.54:078][  0]LogConfig: Setting CVar [[s.TimeLimitExceededMinTime:0.005]]
[2019.11.13-01.08.54:078][  0]LogConfig: Setting CVar [[s.UseBackgroundLevelStreaming:1]]
[2019.11.13-01.08.54:078][  0]LogConfig: Setting CVar [[s.PriorityAsyncLoadingExtraTime:15.0]]
[2019.11.13-01.08.54:078][  0]LogConfig: Setting CVar [[s.LevelStreamingActorsUpdateTimeLimit:5.0]]
[2019.11.13-01.08.54:078][  0]LogConfig: Setting CVar [[s.PriorityLevelStreamingActorsUpdateExtraTime:5.0]]
[2019.11.13-01.08.54:078][  0]LogConfig: Setting CVar [[s.LevelStreamingComponentsRegistrationGranularity:10]]
[2019.11.13-01.08.54:078][  0]LogConfig: Setting CVar [[s.UnregisterComponentsTimeLimit:1.0]]
[2019.11.13-01.08.54:079][  0]LogConfig: Setting CVar [[s.LevelStreamingComponentsUnregistrationGranularity:5]]
[2019.11.13-01.08.54:079][  0]LogConfig: Applying CVar settings from Section [/Script/Engine.GarbageCollectionSettings] File [C:/Users/XW4600/Documents/Unreal Projects/PlatformerKit2D/Saved/Config/Windows/Engine.ini]
[2019.11.13-01.08.54:079][  0]LogConfig: Setting CVar [[gc.MaxObjectsNotConsideredByGC:1]]
[2019.11.13-01.08.54:079][  0]LogConfig: Setting CVar [[gc.SizeOfPermanentObjectPool:0]]
[2019.11.13-01.08.54:079][  0]LogConfig: Setting CVar [[gc.FlushStreamingOnGC:0]]
[2019.11.13-01.08.54:079][  0]LogConfig: Setting CVar [[gc.NumRetriesBeforeForcingGC:10]]
[2019.11.13-01.08.54:079][  0]LogConfig: Setting CVar [[gc.AllowParallelGC:1]]
[2019.11.13-01.08.54:079][  0]LogConfig: Setting CVar [[gc.TimeBetweenPurgingPendingKillObjects:61.1]]
[2019.11.13-01.08.54:079][  0]LogConfig: Setting CVar [[gc.MaxObjectsInEditor:8388607]]
[2019.11.13-01.08.54:079][  0]LogConfig: Setting CVar [[gc.IncrementalBeginDestroyEnabled:1]]
[2019.11.13-01.08.54:079][  0]LogConfig: Setting CVar [[gc.CreateGCClusters:1]]
[2019.11.13-01.08.54:079][  0]LogConfig: Setting CVar [[gc.MergeGCClusters:0]]
[2019.11.13-01.08.54:079][  0]LogConfig: Setting CVar [[gc.MinGCClusterSize:5]]
[2019.11.13-01.08.54:079][  0]LogConfig: Setting CVar [[gc.ActorClusteringEnabled:0]]
[2019.11.13-01.08.54:079][  0]LogConfig: Setting CVar [[gc.BlueprintClusteringEnabled:0]]
[2019.11.13-01.08.54:079][  0]LogConfig: Setting CVar [[gc.UseDisregardForGCOnDedicatedServers:0]]
[2019.11.13-01.08.54:079][  0]LogConfig: Applying CVar settings from Section [/Script/Engine.NetworkSettings] File [C:/Users/XW4600/Documents/Unreal Projects/PlatformerKit2D/Saved/Config/Windows/Engine.ini]
[2019.11.13-01.08.54:079][  0]LogConfig: Applying CVar settings from Section [/Script/UnrealEd.CookerSettings] File [C:/Users/XW4600/Documents/Unreal Projects/PlatformerKit2D/Saved/Config/Windows/Engine.ini]
[2019.11.13-01.08.54:083][  0]LogConfig: Applying CVar settings from Section [ViewDistanceQuality@3] File [C:/Users/XW4600/Documents/Unreal Projects/PlatformerKit2D/Saved/Config/Windows/Scalability.ini]
[2019.11.13-01.08.54:083][  0]LogConfig: Setting CVar [[r.SkeletalMeshLODBias:0]]
[2019.11.13-01.08.54:083][  0]LogConfig: Setting CVar [[r.ViewDistanceScale:1.0]]
[2019.11.13-01.08.54:083][  0]LogConfig: Applying CVar settings from Section [AntiAliasingQuality@3] File [C:/Users/XW4600/Documents/Unreal Projects/PlatformerKit2D/Saved/Config/Windows/Scalability.ini]
[2019.11.13-01.08.54:083][  0]LogConfig: Setting CVar [[r.PostProcessAAQuality:4]]
[2019.11.13-01.08.54:083][  0]LogConfig: Applying CVar settings from Section [ShadowQuality@3] File [C:/Users/XW4600/Documents/Unreal Projects/PlatformerKit2D/Saved/Config/Windows/Scalability.ini]
[2019.11.13-01.08.54:083][  0]LogConfig: Setting CVar [[r.LightFunctionQuality:1]]
[2019.11.13-01.08.54:083][  0]LogConfig: Setting CVar [[r.ShadowQuality:5]]
[2019.11.13-01.08.54:083][  0]LogConfig: Setting CVar [[r.Shadow.CSM.MaxCascades:10]]
[2019.11.13-01.08.54:083][  0]LogConfig: Setting CVar [[r.Shadow.MaxResolution:2048]]
[2019.11.13-01.08.54:083][  0]LogConfig: Setting CVar [[r.Shadow.MaxCSMResolution:2048]]
[2019.11.13-01.08.54:083][  0]LogConfig: Setting CVar [[r.Shadow.RadiusThreshold:0.01]]
[2019.11.13-01.08.54:083][  0]LogConfig: Setting CVar [[r.Shadow.DistanceScale:1.0]]
[2019.11.13-01.08.54:083][  0]LogConfig: Setting CVar [[r.Shadow.CSM.TransitionScale:1.0]]
[2019.11.13-01.08.54:083][  0]LogConfig: Setting CVar [[r.Shadow.PreShadowResolutionFactor:1.0]]
[2019.11.13-01.08.54:083][  0]LogConfig: Setting CVar [[r.DistanceFieldShadowing:1]]
[2019.11.13-01.08.54:083][  0]LogConfig: Setting CVar [[r.DistanceFieldAO:1]]
[2019.11.13-01.08.54:083][  0]LogConfig: Setting CVar [[r.AOQuality:2]]
[2019.11.13-01.08.54:083][  0]LogConfig: Setting CVar [[r.VolumetricFog:1]]
[2019.11.13-01.08.54:083][  0]LogConfig: Setting CVar [[r.VolumetricFog.GridPixelSize:8]]
[2019.11.13-01.08.54:083][  0]LogConfig: Setting CVar [[r.VolumetricFog.GridSizeZ:128]]
[2019.11.13-01.08.54:083][  0]LogConfig: Setting CVar [[r.VolumetricFog.HistoryMissSupersampleCount:4]]
[2019.11.13-01.08.54:083][  0]LogConfig: Setting CVar [[r.LightMaxDrawDistanceScale:1]]
[2019.11.13-01.08.54:083][  0]LogConfig: Setting CVar [[r.CapsuleShadows:1]]
[2019.11.13-01.08.54:083][  0]LogConfig: Applying CVar settings from Section [PostProcessQuality@3] File [C:/Users/XW4600/Documents/Unreal Projects/PlatformerKit2D/Saved/Config/Windows/Scalability.ini]
[2019.11.13-01.08.54:083][  0]LogConfig: Setting CVar [[r.MotionBlurQuality:4]]
[2019.11.13-01.08.54:083][  0]LogConfig: Setting CVar [[r.AmbientOcclusionMipLevelFactor:0.4]]
[2019.11.13-01.08.54:083][  0]LogConfig: Setting CVar [[r.AmbientOcclusionMaxQuality:100]]
[2019.11.13-01.08.54:083][  0]LogConfig: Setting CVar [[r.AmbientOcclusionLevels:-1]]
[2019.11.13-01.08.54:083][  0]LogConfig: Setting CVar [[r.AmbientOcclusionRadiusScale:1.0]]
[2019.11.13-01.08.54:083][  0]LogConfig: Setting CVar [[r.DepthOfFieldQuality:2]]
[2019.11.13-01.08.54:084][  0]LogConfig: Setting CVar [[r.RenderTargetPoolMin:400]]
[2019.11.13-01.08.54:084][  0]LogConfig: Setting CVar [[r.LensFlareQuality:2]]
[2019.11.13-01.08.54:084][  0]LogConfig: Setting CVar [[r.SceneColorFringeQuality:1]]
[2019.11.13-01.08.54:084][  0]LogConfig: Setting CVar [[r.EyeAdaptationQuality:2]]
[2019.11.13-01.08.54:084][  0]LogConfig: Setting CVar [[r.BloomQuality:5]]
[2019.11.13-01.08.54:084][  0]LogConfig: Setting CVar [[r.FastBlurThreshold:100]]
[2019.11.13-01.08.54:084][  0]LogConfig: Setting CVar [[r.Upscale.Quality:3]]
[2019.11.13-01.08.54:084][  0]LogConfig: Setting CVar [[r.Tonemapper.GrainQuantization:1]]
[2019.11.13-01.08.54:084][  0]LogConfig: Setting CVar [[r.LightShaftQuality:1]]
[2019.11.13-01.08.54:084][  0]LogConfig: Setting CVar [[r.Filter.SizeScale:1]]
[2019.11.13-01.08.54:084][  0]LogConfig: Setting CVar [[r.Tonemapper.Quality:5]]
[2019.11.13-01.08.54:084][  0]LogConfig: Setting CVar [[r.DOF.Gather.AccumulatorQuality:1        ; higher gathering accumulator quality]]
[2019.11.13-01.08.54:084][  0]LogConfig: Setting CVar [[r.DOF.Gather.PostfilterMethod:1          ; Median3x3 postfilering method]]
[2019.11.13-01.08.54:084][  0]LogConfig: Setting CVar [[r.DOF.Gather.EnableBokehSettings:0       ; no bokeh simulation when gathering]]
[2019.11.13-01.08.54:084][  0]LogConfig: Setting CVar [[r.DOF.Gather.RingCount:4                 ; medium number of samples when gathering]]
[2019.11.13-01.08.54:084][  0]LogConfig: Setting CVar [[r.DOF.Scatter.ForegroundCompositing:1    ; additive foreground scattering]]
[2019.11.13-01.08.54:084][  0]LogConfig: Setting CVar [[r.DOF.Scatter.BackgroundCompositing:2    ; additive background scattering]]
[2019.11.13-01.08.54:084][  0]LogConfig: Setting CVar [[r.DOF.Scatter.EnableBokehSettings:1      ; bokeh simulation when scattering]]
[2019.11.13-01.08.54:084][  0]LogConfig: Setting CVar [[r.DOF.Scatter.MaxSpriteRatio:0.1         ; only a maximum of 10% of scattered bokeh]]
[2019.11.13-01.08.54:084][  0]LogConfig: Setting CVar [[r.DOF.Recombine.Quality:1                ; cheap slight out of focus]]
[2019.11.13-01.08.54:084][  0]LogConfig: Setting CVar [[r.DOF.Recombine.EnableBokehSettings:0    ; no bokeh simulation on slight out of focus]]
[2019.11.13-01.08.54:084][  0]LogConfig: Setting CVar [[r.DOF.TemporalAAQuality:1                ; more stable temporal accumulation]]
[2019.11.13-01.08.54:084][  0]LogConfig: Setting CVar [[r.DOF.Kernel.MaxForegroundRadius:0.025]]
[2019.11.13-01.08.54:084][  0]LogConfig: Setting CVar [[r.DOF.Kernel.MaxBackgroundRadius:0.025]]
[2019.11.13-01.08.54:084][  0]LogConfig: Applying CVar settings from Section [TextureQuality@3] File [C:/Users/XW4600/Documents/Unreal Projects/PlatformerKit2D/Saved/Config/Windows/Scalability.ini]
[2019.11.13-01.08.54:084][  0]LogConfig: Setting CVar [[r.Streaming.MipBias:0]]
[2019.11.13-01.08.54:084][  0]LogConfig: Setting CVar [[r.Streaming.AmortizeCPUToGPUCopy:0]]
[2019.11.13-01.08.54:084][  0]LogConfig: Setting CVar [[r.Streaming.MaxNumTexturesToStreamPerFrame:0]]
[2019.11.13-01.08.54:084][  0]LogConfig: Setting CVar [[r.Streaming.Boost:1]]
[2019.11.13-01.08.54:084][  0]LogConfig: Setting CVar [[r.MaxAnisotropy:8]]
[2019.11.13-01.08.54:084][  0]LogConfig: Setting CVar [[r.Streaming.LimitPoolSizeToVRAM:0]]
[2019.11.13-01.08.54:084][  0]LogConfig: Setting CVar [[r.Streaming.PoolSize:1000]]
[2019.11.13-01.08.54:084][  0]LogConfig: Setting CVar [[r.Streaming.MaxEffectiveScreenSize:0]]
[2019.11.13-01.08.54:085][  0]LogConfig: Applying CVar settings from Section [EffectsQuality@3] File [C:/Users/XW4600/Documents/Unreal Projects/PlatformerKit2D/Saved/Config/Windows/Scalability.ini]
[2019.11.13-01.08.54:085][  0]LogConfig: Setting CVar [[r.TranslucencyLightingVolumeDim:64]]
[2019.11.13-01.08.54:085][  0]LogConfig: Setting CVar [[r.RefractionQuality:2]]
[2019.11.13-01.08.54:085][  0]LogConfig: Setting CVar [[r.SSR.Quality:3]]
[2019.11.13-01.08.54:085][  0]LogConfig: Setting CVar [[r.SceneColorFormat:4]]
[2019.11.13-01.08.54:085][  0]LogConfig: Setting CVar [[r.DetailMode:2]]
[2019.11.13-01.08.54:085][  0]LogConfig: Setting CVar [[r.TranslucencyVolumeBlur:1]]
[2019.11.13-01.08.54:085][  0]LogConfig: Setting CVar [[r.MaterialQualityLevel:1 ; High quality]]
[2019.11.13-01.08.54:085][  0]LogConfig: Setting CVar [[r.SSS.Scale:1]]
[2019.11.13-01.08.54:085][  0]LogConfig: Setting CVar [[r.SSS.SampleSet:2]]
[2019.11.13-01.08.54:085][  0]LogConfig: Setting CVar [[r.SSS.Quality:1]]
[2019.11.13-01.08.54:085][  0]LogConfig: Setting CVar [[r.SSS.HalfRes:1]]
[2019.11.13-01.08.54:085][  0]LogConfig: Setting CVar [[r.EmitterSpawnRateScale:1.0]]
[2019.11.13-01.08.54:085][  0]LogConfig: Setting CVar [[r.ParticleLightQuality:2]]
[2019.11.13-01.08.54:085][  0]LogConfig: Applying CVar settings from Section [FoliageQuality@3] File [C:/Users/XW4600/Documents/Unreal Projects/PlatformerKit2D/Saved/Config/Windows/Scalability.ini]
[2019.11.13-01.08.54:085][  0]LogConfig: Setting CVar [[foliage.DensityScale:1.0]]
[2019.11.13-01.08.54:085][  0]LogConfig: Setting CVar [[grass.DensityScale:1.0]]
[2019.11.13-01.08.54:085][  0]LogInit: Selected Device Profile: [Windows]
[2019.11.13-01.08.54:085][  0]LogInit: Applying CVar settings loaded from the selected device profile: [Windows]
[2019.11.13-01.08.54:108][  0]LogHAL: Display: Platform has ~ 6 GB [6439817216 / 8589934592 / 6], which maps to Smaller [LargestMinGB=32, LargerMinGB=12, DefaultMinGB=8, SmallerMinGB=6, SmallestMinGB=0)
[2019.11.13-01.08.54:109][  0]LogConfig: Setting CVar [[r.Vulkan.UseRealUBs:1]]
[2019.11.13-01.08.54:109][  0]LogInit: Going up to parent DeviceProfile []
[2019.11.13-01.08.54:109][  0]LogConfig: Applying CVar settings from Section [ViewDistanceQuality@3] File [C:/Users/XW4600/Documents/Unreal Projects/PlatformerKit2D/Saved/Config/Windows/Scalability.ini]
[2019.11.13-01.08.54:109][  0]LogConfig: Setting CVar [[r.SkeletalMeshLODBias:0]]
[2019.11.13-01.08.54:109][  0]LogConfig: Setting CVar [[r.ViewDistanceScale:1.0]]
[2019.11.13-01.08.54:109][  0]LogConfig: Applying CVar settings from Section [AntiAliasingQuality@3] File [C:/Users/XW4600/Documents/Unreal Projects/PlatformerKit2D/Saved/Config/Windows/Scalability.ini]
[2019.11.13-01.08.54:109][  0]LogConfig: Setting CVar [[r.PostProcessAAQuality:4]]
[2019.11.13-01.08.54:109][  0]LogConfig: Applying CVar settings from Section [ShadowQuality@3] File [C:/Users/XW4600/Documents/Unreal Projects/PlatformerKit2D/Saved/Config/Windows/Scalability.ini]
[2019.11.13-01.08.54:109][  0]LogConfig: Setting CVar [[r.LightFunctionQuality:1]]
[2019.11.13-01.08.54:109][  0]LogConfig: Setting CVar [[r.ShadowQuality:5]]
[2019.11.13-01.08.54:109][  0]LogConfig: Setting CVar [[r.Shadow.CSM.MaxCascades:10]]
[2019.11.13-01.08.54:109][  0]LogConfig: Setting CVar [[r.Shadow.MaxResolution:2048]]
[2019.11.13-01.08.54:109][  0]LogConfig: Setting CVar [[r.Shadow.MaxCSMResolution:2048]]
[2019.11.13-01.08.54:109][  0]LogConfig: Setting CVar [[r.Shadow.RadiusThreshold:0.01]]
[2019.11.13-01.08.54:109][  0]LogConfig: Setting CVar [[r.Shadow.DistanceScale:1.0]]
[2019.11.13-01.08.54:109][  0]LogConfig: Setting CVar [[r.Shadow.CSM.TransitionScale:1.0]]
[2019.11.13-01.08.54:109][  0]LogConfig: Setting CVar [[r.Shadow.PreShadowResolutionFactor:1.0]]
[2019.11.13-01.08.54:109][  0]LogConfig: Setting CVar [[r.DistanceFieldShadowing:1]]
[2019.11.13-01.08.54:109][  0]LogConfig: Setting CVar [[r.DistanceFieldAO:1]]
[2019.11.13-01.08.54:109][  0]LogConfig: Setting CVar [[r.AOQuality:2]]
[2019.11.13-01.08.54:109][  0]LogConfig: Setting CVar [[r.VolumetricFog:1]]
[2019.11.13-01.08.54:109][  0]LogConfig: Setting CVar [[r.VolumetricFog.GridPixelSize:8]]
[2019.11.13-01.08.54:109][  0]LogConfig: Setting CVar [[r.VolumetricFog.GridSizeZ:128]]
[2019.11.13-01.08.54:109][  0]LogConfig: Setting CVar [[r.VolumetricFog.HistoryMissSupersampleCount:4]]
[2019.11.13-01.08.54:109][  0]LogConfig: Setting CVar [[r.LightMaxDrawDistanceScale:1]]
[2019.11.13-01.08.54:109][  0]LogConfig: Setting CVar [[r.CapsuleShadows:1]]
[2019.11.13-01.08.54:109][  0]LogConfig: Applying CVar settings from Section [PostProcessQuality@3] File [C:/Users/XW4600/Documents/Unreal Projects/PlatformerKit2D/Saved/Config/Windows/Scalability.ini]
[2019.11.13-01.08.54:109][  0]LogConfig: Setting CVar [[r.MotionBlurQuality:4]]
[2019.11.13-01.08.54:109][  0]LogConfig: Setting CVar [[r.AmbientOcclusionMipLevelFactor:0.4]]
[2019.11.13-01.08.54:110][  0]LogConfig: Setting CVar [[r.AmbientOcclusionMaxQuality:100]]
[2019.11.13-01.08.54:110][  0]LogConfig: Setting CVar [[r.AmbientOcclusionLevels:-1]]
[2019.11.13-01.08.54:110][  0]LogConfig: Setting CVar [[r.AmbientOcclusionRadiusScale:1.0]]
[2019.11.13-01.08.54:110][  0]LogConfig: Setting CVar [[r.DepthOfFieldQuality:2]]
[2019.11.13-01.08.54:110][  0]LogConfig: Setting CVar [[r.RenderTargetPoolMin:400]]
[2019.11.13-01.08.54:110][  0]LogConfig: Setting CVar [[r.LensFlareQuality:2]]
[2019.11.13-01.08.54:110][  0]LogConfig: Setting CVar [[r.SceneColorFringeQuality:1]]
[2019.11.13-01.08.54:110][  0]LogConfig: Setting CVar [[r.EyeAdaptationQuality:2]]
[2019.11.13-01.08.54:110][  0]LogConfig: Setting CVar [[r.BloomQuality:5]]
[2019.11.13-01.08.54:110][  0]LogConfig: Setting CVar [[r.FastBlurThreshold:100]]
[2019.11.13-01.08.54:110][  0]LogConfig: Setting CVar [[r.Upscale.Quality:3]]
[2019.11.13-01.08.54:110][  0]LogConfig: Setting CVar [[r.Tonemapper.GrainQuantization:1]]
[2019.11.13-01.08.54:110][  0]LogConfig: Setting CVar [[r.LightShaftQuality:1]]
[2019.11.13-01.08.54:110][  0]LogConfig: Setting CVar [[r.Filter.SizeScale:1]]
[2019.11.13-01.08.54:110][  0]LogConfig: Setting CVar [[r.Tonemapper.Quality:5]]
[2019.11.13-01.08.54:110][  0]LogConfig: Setting CVar [[r.DOF.Gather.AccumulatorQuality:1        ; higher gathering accumulator quality]]
[2019.11.13-01.08.54:110][  0]LogConfig: Setting CVar [[r.DOF.Gather.PostfilterMethod:1          ; Median3x3 postfilering method]]
[2019.11.13-01.08.54:110][  0]LogConfig: Setting CVar [[r.DOF.Gather.EnableBokehSettings:0       ; no bokeh simulation when gathering]]
[2019.11.13-01.08.54:110][  0]LogConfig: Setting CVar [[r.DOF.Gather.RingCount:4                 ; medium number of samples when gathering]]
[2019.11.13-01.08.54:110][  0]LogConfig: Setting CVar [[r.DOF.Scatter.ForegroundCompositing:1    ; additive foreground scattering]]
[2019.11.13-01.08.54:110][  0]LogConfig: Setting CVar [[r.DOF.Scatter.BackgroundCompositing:2    ; additive background scattering]]
[2019.11.13-01.08.54:110][  0]LogConfig: Setting CVar [[r.DOF.Scatter.EnableBokehSettings:1      ; bokeh simulation when scattering]]
[2019.11.13-01.08.54:110][  0]LogConfig: Setting CVar [[r.DOF.Scatter.MaxSpriteRatio:0.1         ; only a maximum of 10% of scattered bokeh]]
[2019.11.13-01.08.54:110][  0]LogConfig: Setting CVar [[r.DOF.Recombine.Quality:1                ; cheap slight out of focus]]
[2019.11.13-01.08.54:110][  0]LogConfig: Setting CVar [[r.DOF.Recombine.EnableBokehSettings:0    ; no bokeh simulation on slight out of focus]]
[2019.11.13-01.08.54:110][  0]LogConfig: Setting CVar [[r.DOF.TemporalAAQuality:1                ; more stable temporal accumulation]]
[2019.11.13-01.08.54:110][  0]LogConfig: Setting CVar [[r.DOF.Kernel.MaxForegroundRadius:0.025]]
[2019.11.13-01.08.54:110][  0]LogConfig: Setting CVar [[r.DOF.Kernel.MaxBackgroundRadius:0.025]]
[2019.11.13-01.08.54:110][  0]LogConfig: Applying CVar settings from Section [TextureQuality@3] File [C:/Users/XW4600/Documents/Unreal Projects/PlatformerKit2D/Saved/Config/Windows/Scalability.ini]
[2019.11.13-01.08.54:110][  0]LogConfig: Setting CVar [[r.Streaming.MipBias:0]]
[2019.11.13-01.08.54:110][  0]LogConfig: Setting CVar [[r.Streaming.AmortizeCPUToGPUCopy:0]]
[2019.11.13-01.08.54:110][  0]LogConfig: Setting CVar [[r.Streaming.MaxNumTexturesToStreamPerFrame:0]]
[2019.11.13-01.08.54:110][  0]LogConfig: Setting CVar [[r.Streaming.Boost:1]]
[2019.11.13-01.08.54:111][  0]LogConfig: Setting CVar [[r.MaxAnisotropy:8]]
[2019.11.13-01.08.54:111][  0]LogConfig: Setting CVar [[r.Streaming.LimitPoolSizeToVRAM:0]]
[2019.11.13-01.08.54:111][  0]LogConfig: Setting CVar [[r.Streaming.PoolSize:1000]]
[2019.11.13-01.08.54:111][  0]LogConfig: Setting CVar [[r.Streaming.MaxEffectiveScreenSize:0]]
[2019.11.13-01.08.54:111][  0]LogConfig: Applying CVar settings from Section [EffectsQuality@3] File [C:/Users/XW4600/Documents/Unreal Projects/PlatformerKit2D/Saved/Config/Windows/Scalability.ini]
[2019.11.13-01.08.54:111][  0]LogConfig: Setting CVar [[r.TranslucencyLightingVolumeDim:64]]
[2019.11.13-01.08.54:111][  0]LogConfig: Setting CVar [[r.RefractionQuality:2]]
[2019.11.13-01.08.54:111][  0]LogConfig: Setting CVar [[r.SSR.Quality:3]]
[2019.11.13-01.08.54:111][  0]LogConfig: Setting CVar [[r.SceneColorFormat:4]]
[2019.11.13-01.08.54:111][  0]LogConfig: Setting CVar [[r.DetailMode:2]]
[2019.11.13-01.08.54:111][  0]LogConfig: Setting CVar [[r.TranslucencyVolumeBlur:1]]
[2019.11.13-01.08.54:111][  0]LogConfig: Setting CVar [[r.MaterialQualityLevel:1 ; High quality]]
[2019.11.13-01.08.54:111][  0]LogConfig: Setting CVar [[r.SSS.Scale:1]]
[2019.11.13-01.08.54:111][  0]LogConfig: Setting CVar [[r.SSS.SampleSet:2]]
[2019.11.13-01.08.54:111][  0]LogConfig: Setting CVar [[r.SSS.Quality:1]]
[2019.11.13-01.08.54:111][  0]LogConfig: Setting CVar [[r.SSS.HalfRes:1]]
[2019.11.13-01.08.54:111][  0]LogConfig: Setting CVar [[r.EmitterSpawnRateScale:1.0]]
[2019.11.13-01.08.54:111][  0]LogConfig: Setting CVar [[r.ParticleLightQuality:2]]
[2019.11.13-01.08.54:111][  0]LogConfig: Applying CVar settings from Section [FoliageQuality@3] File [C:/Users/XW4600/Documents/Unreal Projects/PlatformerKit2D/Saved/Config/Windows/Scalability.ini]
[2019.11.13-01.08.54:111][  0]LogConfig: Setting CVar [[foliage.DensityScale:1.0]]
[2019.11.13-01.08.54:111][  0]LogConfig: Setting CVar [[grass.DensityScale:1.0]]
[2019.11.13-01.08.54:111][  0]LogConfig: Applying CVar settings from Section [Startup] File [../../../Engine/Config/ConsoleVariables.ini]
[2019.11.13-01.08.54:112][  0]LogConfig: Setting CVar [[net.UseAdaptiveNetUpdateFrequency:0]]
[2019.11.13-01.08.54:112][  0]LogConfig: Applying CVar settings from Section [ConsoleVariables] File [C:/Users/XW4600/Documents/Unreal Projects/PlatformerKit2D/Saved/Config/Windows/Engine.ini]
[2019.11.13-01.08.54:112][  0]LogInit: Computer: DESKTOP-960RVJT
[2019.11.13-01.08.54:112][  0]LogInit: User: XW4600
[2019.11.13-01.08.54:112][  0]LogInit: CPU Page size=4096, Cores=4
[2019.11.13-01.08.54:112][  0]LogInit: High frequency timer resolution =2.635508 MHz
[2019.11.13-01.08.54:112][  0]LogMemory: Memory total: Physical=6.0GB (6GB approx)
[2019.11.13-01.08.54:112][  0]LogMemory: Platform Memory Stats for Windows
[2019.11.13-01.08.54:112][  0]LogMemory: Process Physical Memory: 102.04 MB used, 102.04 MB peak
[2019.11.13-01.08.54:112][  0]LogMemory: Process Virtual Memory: 89.47 MB used, 89.47 MB peak
[2019.11.13-01.08.54:112][  0]LogMemory: Physical Memory: 5133.75 MB used,  1007.74 MB free, 6141.49 MB total
[2019.11.13-01.08.54:112][  0]LogMemory: Virtual Memory: 4644.89 MB used,  134213080.00 MB free, 134217728.00 MB total
[2019.11.13-01.08.54:144][  0]LogInit: Using OS detected language (en-US).
[2019.11.13-01.08.54:144][  0]LogInit: Using OS detected locale (en-US).
[2019.11.13-01.08.54:146][  0]LogTextLocalizationManager: No specific localization for 'en-US' exists, so the 'en' localization will be used.
[2019.11.13-01.08.54:743][  0]LogStreaming: Display: Took  0.599s to InitEngineTextLocalization.
[2019.11.13-01.08.54:743][  0]LogInit: Setting process to per monitor DPI aware
[2019.11.13-01.08.54:779][  0]LogSlate: New Slate User Created.  User Index 0, Is Virtual User: 0
[2019.11.13-01.08.54:779][  0]LogSlate: Slate User Registered.  User Index 0, Is Virtual User: 0
[2019.11.13-01.08.55:115][  0]LogD3D11RHI: D3D11 adapters:
[2019.11.13-01.08.55:139][  0]LogD3D11RHI:    0. 'AMD Radeon (TM) R7 360 Series' (Feature Level 11_0)
[2019.11.13-01.08.55:139][  0]LogD3D11RHI:       2024/0/3070 MB DedicatedVideo/DedicatedSystem/SharedSystem, Outputs:1, VendorId:0x1002
[2019.11.13-01.08.55:143][  0]LogD3D11RHI:    1. 'Microsoft Basic Render Driver' (Feature Level 11_0)
[2019.11.13-01.08.55:143][  0]LogD3D11RHI:       0/0/3070 MB DedicatedVideo/DedicatedSystem/SharedSystem, Outputs:0, VendorId:0x1414
[2019.11.13-01.08.55:143][  0]LogD3D11RHI: Chosen D3D11 Adapter: 0
[2019.11.13-01.08.55:153][  0]LogD3D11RHI: Creating new Direct3DDevice
[2019.11.13-01.08.55:153][  0]LogD3D11RHI:     GPU DeviceId: 0x665f (for the marketing name, search the web for "GPU Device Id")
[2019.11.13-01.08.55:153][  0]LogWindows: EnumDisplayDevices:
[2019.11.13-01.08.55:153][  0]LogWindows:    0. 'AMD Radeon (TM) R7 360 Series' (P:1 D:1)
[2019.11.13-01.08.55:153][  0]LogWindows:    1. 'AMD Radeon (TM) R7 360 Series' (P:0 D:0)
[2019.11.13-01.08.55:154][  0]LogWindows:    2. 'AMD Radeon (TM) R7 360 Series' (P:0 D:0)
[2019.11.13-01.08.55:155][  0]LogWindows:    3. 'AMD Radeon (TM) R7 360 Series' (P:0 D:0)
[2019.11.13-01.08.55:155][  0]LogWindows:    4. 'AMD Radeon (TM) R7 360 Series' (P:0 D:0)
[2019.11.13-01.08.55:156][  0]LogWindows:    5. 'AMD Radeon (TM) R7 360 Series' (P:0 D:0)
[2019.11.13-01.08.55:156][  0]LogWindows: DebugString: FoundDriverCount:6 
[2019.11.13-01.08.55:156][  0]LogD3D11RHI:     Adapter Name: AMD Radeon (TM) R7 360 Series
[2019.11.13-01.08.55:156][  0]LogD3D11RHI:   Driver Version: Crimson ReLive 17.7 (internal:22.19.677.257, unified:22.19.677.257)
[2019.11.13-01.08.55:156][  0]LogD3D11RHI:      Driver Date: 9-22-2017
[2019.11.13-01.08.55:157][  0]LogRHI: Texture pool is 1417 MB (70% of 2024 MB)
[2019.11.13-01.08.55:199][  0]LogD3D11RHI: Async texture creation enabled
[2019.11.13-01.08.55:214][  0]LogD3D11RHI: GPU Timing Frequency: 27.000000 (Debug: 2 1)
[2019.11.13-01.08.56:686][  0]LogTemp: Display: Loaded TP AllDesktopTargetPlatform
[2019.11.13-01.08.56:715][  0]LogTemp: Display: Loaded TP MacClientTargetPlatform
[2019.11.13-01.08.56:738][  0]LogTemp: Display: Loaded TP MacNoEditorTargetPlatform
[2019.11.13-01.08.56:761][  0]LogTemp: Display: Loaded TP MacServerTargetPlatform
[2019.11.13-01.08.56:785][  0]LogTemp: Display: Loaded TP MacTargetPlatform
[2019.11.13-01.08.56:809][  0]LogTemp: Display: Loaded TP WindowsClientTargetPlatform
[2019.11.13-01.08.56:834][  0]LogTemp: Display: Loaded TP WindowsNoEditorTargetPlatform
[2019.11.13-01.08.56:859][  0]LogTemp: Display: Loaded TP WindowsServerTargetPlatform
[2019.11.13-01.08.56:869][  0]LogTemp: Display: Loaded TP WindowsTargetPlatform
[2019.11.13-01.08.57:004][  0]LogTemp: Display: Loaded TP AndroidTargetPlatform
[2019.11.13-01.08.57:004][  0]LogTemp: Display: Loaded TP AndroidTargetPlatform
[2019.11.13-01.08.57:004][  0]LogTemp: Display: Loaded TP AndroidTargetPlatform
[2019.11.13-01.08.57:004][  0]LogTemp: Display: Loaded TP AndroidTargetPlatform
[2019.11.13-01.08.57:004][  0]LogTemp: Display: Loaded TP AndroidTargetPlatform
[2019.11.13-01.08.57:004][  0]LogTemp: Display: Loaded TP AndroidTargetPlatform
[2019.11.13-01.08.57:004][  0]LogTemp: Display: Loaded TP AndroidTargetPlatform
[2019.11.13-01.08.57:004][  0]LogTemp: Display: Loaded TP AndroidTargetPlatform
[2019.11.13-01.08.57:004][  0]LogTemp: Display: Loaded TP AndroidTargetPlatform
[2019.11.13-01.08.57:004][  0]LogTemp: Display: Loaded TP AndroidTargetPlatform
[2019.11.13-01.08.57:004][  0]LogTemp: Display: Loaded TP AndroidTargetPlatform
[2019.11.13-01.08.57:004][  0]LogTemp: Display: Loaded TP AndroidTargetPlatform
[2019.11.13-01.08.57:004][  0]LogTemp: Display: Loaded TP AndroidTargetPlatform
[2019.11.13-01.08.57:004][  0]LogTemp: Display: Loaded TP AndroidTargetPlatform
[2019.11.13-01.08.57:004][  0]LogTemp: Display: Loaded TP AndroidTargetPlatform
[2019.11.13-01.08.57:004][  0]LogTemp: Display: Loaded TP AndroidTargetPlatform
[2019.11.13-01.08.57:004][  0]LogTemp: Display: Loaded TP AndroidTargetPlatform
[2019.11.13-01.08.57:004][  0]LogTemp: Display: Loaded TP AndroidTargetPlatform
[2019.11.13-01.08.57:007][  0]LogTemp: Display: Loaded TP HTML5TargetPlatform
[2019.11.13-01.08.57:090][  0]LogTemp: Display: Loaded TP IOSTargetPlatform
[2019.11.13-01.08.57:090][  0]LogTemp: Display: Loaded TP IOSTargetPlatform
[2019.11.13-01.08.57:134][  0]LogTemp: Display: Loaded TP TVOSTargetPlatform
[2019.11.13-01.08.57:134][  0]LogTemp: Display: Loaded TP TVOSTargetPlatform
[2019.11.13-01.08.57:157][  0]LogTemp: Display: Loaded TP LinuxClientTargetPlatform
[2019.11.13-01.08.57:180][  0]LogTemp: Display: Loaded TP LinuxNoEditorTargetPlatform
[2019.11.13-01.08.57:203][  0]LogTemp: Display: Loaded TP LinuxServerTargetPlatform
[2019.11.13-01.08.57:227][  0]LogTemp: Display: Loaded TP LinuxTargetPlatform
[2019.11.13-01.08.57:306][  0]LogTemp: Display: Loaded TP LuminTargetPlatform
[2019.11.13-01.08.57:306][  0]LogTemp: Display: Loaded TP LuminTargetPlatform
[2019.11.13-01.08.57:306][  0]LogTargetPlatformManager: Display: Building Assets For Windows
[2019.11.13-01.08.57:400][  0]LogShaderCompilers: Guid format shader working directory is -25 characters bigger than the processId version (../../../../../../Users/XW4600/Documents/Unreal Projects/PlatformerKit2D/Intermediate/Shaders/WorkingDirectory/8788/).
[2019.11.13-01.08.57:400][  0]LogShaderCompilers: Cleaned the shader compiler working directory 'C:/Users/XW4600/AppData/Local/Temp/UnrealShaderWorkingDir/11B883344B6E543FD0369580AE16F5EC/'.
[2019.11.13-01.08.57:404][  0]LogXGEController: Cannot use XGE Controller as Incredibuild is not installed on this machine.
[2019.11.13-01.08.57:404][  0]LogShaderCompilers: Cannot use XGE Shader Compiler as Incredibuild is not installed on this machine.
[2019.11.13-01.08.57:404][  0]LogShaderCompilers: Display: Using Local Shader Compiler.
[2019.11.13-01.08.58:297][  0]LogDerivedDataCache: Display: Max Cache Size: 512 MB
[2019.11.13-01.08.58:400][  0]LogDerivedDataCache: Loaded boot cache 0.10s 84MB C:/Users/XW4600/AppData/Local/UnrealEngine/4.21/DerivedDataCache/Boot.ddc.
[2019.11.13-01.08.58:400][  0]LogDerivedDataCache: Display: Loaded Boot cache: C:/Users/XW4600/AppData/Local/UnrealEngine/4.21/DerivedDataCache/Boot.ddc
[2019.11.13-01.08.58:401][  0]LogDerivedDataCache: FDerivedDataBackendGraph:  Pak pak cache file ../../../../../../Users/XW4600/Documents/Unreal Projects/PlatformerKit2D/DerivedDataCache/DDC.ddp not found, will not use a pak cache.
[2019.11.13-01.08.58:401][  0]LogDerivedDataCache: Unable to find inner node Pak for hierarchical cache Hierarchy.
[2019.11.13-01.08.58:401][  0]LogDerivedDataCache: FDerivedDataBackendGraph:  CompressedPak pak cache file ../../../../../../Users/XW4600/Documents/Unreal Projects/PlatformerKit2D/DerivedDataCache/Compressed.ddp not found, will not use a pak cache.
[2019.11.13-01.08.58:401][  0]LogDerivedDataCache: Unable to find inner node CompressedPak for hierarchical cache Hierarchy.
[2019.11.13-01.08.58:424][  0]LogDerivedDataCache: Display: Pak cache opened for reading ../../../Engine/DerivedDataCache/Compressed.ddp.
[2019.11.13-01.08.58:425][  0]LogDerivedDataCache: FDerivedDataBackendGraph:  EnterprisePak pak cache file ../../../Enterprise/DerivedDataCache/Compressed.ddp not found, will not use a pak cache.
[2019.11.13-01.08.58:425][  0]LogDerivedDataCache: Unable to find inner node EnterprisePak for hierarchical cache Hierarchy.
[2019.11.13-01.08.58:437][  0]LogDerivedDataCache: Using Local data cache path C:/Users/XW4600/AppData/Local/UnrealEngine/Common/DerivedDataCache: Writable
[2019.11.13-01.08.58:437][  0]LogDerivedDataCache: Shared data cache path not found in *engine.ini, will not use an Shared cache.
[2019.11.13-01.08.58:437][  0]LogDerivedDataCache: Unable to find inner node Shared for hierarchical cache Hierarchy.
[2019.11.13-01.08.58:483][  0]LogMaterial: Verifying Global Shaders for PCD3D_SM5
[2019.11.13-01.08.58:486][  0]LogSlate: Using FreeType 2.6.0
[2019.11.13-01.08.58:486][  0]LogSlate: SlateFontServices - WITH_FREETYPE: 1, WITH_HARFBUZZ: 1
[2019.11.13-01.08.58:613][  0]LogAssetRegistry: Error: Bad name index reading cache 0/0
[2019.11.13-01.08.58:613][  0]LogAssetRegistry: Error: There was an error loading the asset registry cache. Generating a new one.
[2019.11.13-01.08.58:613][  0]LogAssetRegistry: FAssetRegistry took 0.0430 seconds to start up
[2019.11.13-01.08.59:279][  0]LogInit: Selected Device Profile: [Windows]
[2019.11.13-01.08.59:528][  0]LogSimplygon: Simplygon DLL not present - disabling.
[2019.11.13-01.08.59:534][  0]LogMeshReduction: Using SimplygonSwarm for distributed automatic mesh merging
[2019.11.13-01.08.59:534][  0]LogMeshReduction: Using ProxyLODMeshReduction for automatic mesh merging
[2019.11.13-01.08.59:534][  0]LogMeshReduction: Using QuadricMeshReduction for automatic static mesh reduction
[2019.11.13-01.08.59:534][  0]LogMeshReduction: No automatic skeletal mesh reduction module available
[2019.11.13-01.08.59:552][  0]LogNetVersion: PlatformerKit2D 1.0.0, NetCL: 4541578, EngineNetVer: 5, GameNetVer: 0 (Checksum: 4176555142)
[2019.11.13-01.09.00:344][  0]LogPackageLocalizationCache: Processed 10 localized package path(s) for 2 prioritized culture(s) in 0.118027 seconds
[2019.11.13-01.09.00:352][  0]LogUObjectArray: 39550 objects as part of root set at end of initial load.
[2019.11.13-01.09.00:352][  0]LogUObjectAllocator: 6877120 out of 0 bytes used by permanent object pool.
[2019.11.13-01.09.00:352][  0]LogUObjectArray: CloseDisregardForGC: 0/0 objects in disregard for GC pool
[2019.11.13-01.09.01:695][  0]LogTcpMessaging: Initializing TcpMessaging bridge
[2019.11.13-01.09.01:710][  0]LogUdpMessaging: Initializing bridge on interface 0.0.0.0:0 to multicast group 230.0.0.1:6666.
[2019.11.13-01.09.02:802][  0]SourceControl: Source control is disabled
[2019.11.13-01.09.02:802][  0]SourceControl: Source control is disabled
[2019.11.13-01.09.02:805][  0]SourceControl: Source control is disabled
[2019.11.13-01.09.02:806][  0]SourceControl: Source control is disabled
[2019.11.13-01.09.03:017][  0]LogAndroidPermission: UAndroidPermissionCallbackProxy::GetInstance
[2019.11.13-01.09.03:126][  0]LogOcInput: OculusInput pre-init called
[2019.11.13-01.09.03:296][  0]LogEngine: Initializing Engine...
[2019.11.13-01.09.03:300][  0]LogStats: UGameplayTagsManager::ConstructGameplayTagTree: ImportINI prefixes -  0.000 s
[2019.11.13-01.09.03:300][  0]LogStats: UGameplayTagsManager::ConstructGameplayTagTree: Construct from data asset -  0.000 s
[2019.11.13-01.09.03:300][  0]LogStats: UGameplayTagsManager::ConstructGameplayTagTree: ImportINI -  0.000 s
[2019.11.13-01.09.03:300][  0]LogStats: UGameplayTagsManager::ConstructGameplayTagTree: GameplayTagTreeChangedEvent.Broadcast -  0.000 s
[2019.11.13-01.09.03:669][  0]LogInit: Initializing FReadOnlyCVARCache
[2019.11.13-01.09.03:692][  0]LogAIModule: Creating AISystem for world Untitled
[2019.11.13-01.09.03:736][  0]LogInit: XAudio2 using '5 - SAMSUNG (AMD High Definition Audio Device)' : 2 channels at 48 kHz using 32 bits per sample (channel mask 0x3)
[2019.11.13-01.09.03:763][  0]LogInit: FAudioDevice initialized.
[2019.11.13-01.09.03:763][  0]LogNetVersion: Set ProjectVersion to 1.0.0.0. Version Checksum will be recalculated on next use.
[2019.11.13-01.09.05:821][  0]LogDerivedDataCache: Saved boot cache 2.06s 84MB C:/Users/XW4600/AppData/Local/UnrealEngine/4.21/DerivedDataCache/Boot.ddc.
[2019.11.13-01.09.05:844][  0]LogInit: Texture streaming: Enabled
[2019.11.13-01.09.05:875][  0]LogEngineSessionManager: EngineSessionManager initialized
[2019.11.13-01.09.05:898][  0]LogInit: Transaction tracking system initialized
[2019.11.13-01.09.05:941][  0]BlueprintLog: New page: Editor Load
[2019.11.13-01.09.06:078][  0]LocalizationService: Localization service is disabled
[2019.11.13-01.09.06:939][  0]LogFileCache: Scanning file cache for directory 'C:/Users/XW4600/Documents/Unreal Projects/PlatformerKit2D/Content/' took 0.02s
[2019.11.13-01.09.06:939][  0]LogCook: Display: Max memory allowance for cook 16384mb min free memory 0mb
[2019.11.13-01.09.06:939][  0]LogCook: Display: Mobile HDR setting 0
[2019.11.13-01.09.06:939][  0]LogGameplayTags: Display: UGameplayTagsManager::DoneAddingNativeTags. DelegateIsBound: 0
[2019.11.13-01.09.06:939][  0]LogStats: UGameplayTagsManager::ConstructGameplayTagTree: ImportINI prefixes -  0.000 s
[2019.11.13-01.09.06:939][  0]LogStats: UGameplayTagsManager::ConstructGameplayTagTree: Construct from data asset -  0.000 s
[2019.11.13-01.09.06:940][  0]LogStats: UGameplayTagsManager::ConstructGameplayTagTree: ImportINI -  0.000 s
[2019.11.13-01.09.06:940][  0]LogStats: UGameplayTagsManager::ConstructGameplayTagTree: GameplayTagTreeChangedEvent.Broadcast -  0.000 s
[2019.11.13-01.09.07:174][  0]SourceControl: Source control is disabled
[2019.11.13-01.09.07:174][  0]Cmd: MAP LOAD FILE="../../../../../../Users/XW4600/Documents/Unreal Projects/PlatformerKit2D/Content/2DPlatformingKit/Levels/DemoMap.umap" TEMPLATE=0 SHOWPROGRESS=1 FEATURELEVEL=3
[2019.11.13-01.09.07:174][  0]LightingResults: New page: Lighting Build
[2019.11.13-01.09.07:180][  0]MapCheck: New page: Map Check
[2019.11.13-01.09.07:180][  0]LightingResults: New page: Lighting Build
[2019.11.13-01.09.10:174][  0]LogAIModule: Creating AISystem for world DemoMap
[2019.11.13-01.09.10:245][  0]LogEditorServer: Finished looking for orphan Actors (0.000 secs)
[2019.11.13-01.09.10:289][  0]Cmd: MAP CHECKDEP NOCLEARLOG
[2019.11.13-01.09.10:289][  0]MapCheck: Map check complete: 0 Error(s), 0 Warning(s), took 0.232ms to complete.
[2019.11.13-01.09.10:289][  0]LogFileHelpers: Loading map 'DemoMap' took 3.115
[2019.11.13-01.09.10:429][  0]LogSlate: Updating window title bar state: overlay mode, drag disabled, window buttons hidden, title bar hidden
[2019.11.13-01.09.10:442][  0]LogSlate: Updating window title bar state: overlay mode, drag disabled, window buttons hidden, title bar hidden
[2019.11.13-01.09.10:456][  0]LogSlate: Updating window title bar state: overlay mode, drag disabled, window buttons hidden, title bar hidden
[2019.11.13-01.09.10:470][  0]LogSlate: Updating window title bar state: overlay mode, drag disabled, window buttons hidden, title bar hidden
[2019.11.13-01.09.10:529][  0]LogCollectionManager: Loaded 0 collections in 0.002852 seconds
[2019.11.13-01.09.10:549][  0]LogFileCache: Scanning file cache for directory 'C:/Users/XW4600/Documents/Unreal Projects/PlatformerKit2D/Saved/Collections/' took 0.01s
[2019.11.13-01.09.10:549][  0]LogFileCache: Scanning file cache for directory 'C:/Users/XW4600/Documents/Unreal Projects/PlatformerKit2D/Content/Developers/XW4600/Collections/' took 0.00s
[2019.11.13-01.09.10:549][  0]LogFileCache: Scanning file cache for directory 'C:/Users/XW4600/Documents/Unreal Projects/PlatformerKit2D/Content/Collections/' took 0.00s
[2019.11.13-01.09.10:549][  0]LogCollectionManager: Rebuilt the GUID cache for 0 collections in 0.000000 seconds
[2019.11.13-01.09.10:565][  0]LogContentBrowser: Native class hierarchy populated in 0.0156 seconds. Added 2657 classes and 620 folders.
[2019.11.13-01.09.10:576][  0]LogContentBrowser: Native class hierarchy updated for 'WidgetCarousel' in 0.0004 seconds. Added 0 classes and 0 folders.
[2019.11.13-01.09.10:578][  0]LogPakFile: Registered encryption key '00000000000000000000000000000000': 0 pak files mounted, 0 remain pending
[2019.11.13-01.09.10:579][  0]LogPakFile: Registered encryption key '00000000000000000000000000000000': 0 pak files mounted, 0 remain pending
[2019.11.13-01.09.10:580][  0]LogPakFile: Registered encryption key '00000000000000000000000000000000': 0 pak files mounted, 0 remain pending
[2019.11.13-01.09.10:581][  0]LogPakFile: Registered encryption key '00000000000000000000000000000000': 0 pak files mounted, 0 remain pending
[2019.11.13-01.09.10:581][  0]LogPakFile: Registered encryption key '00000000000000000000000000000000': 0 pak files mounted, 0 remain pending
[2019.11.13-01.09.10:582][  0]LogPakFile: Registered encryption key '00000000000000000000000000000000': 0 pak files mounted, 0 remain pending
[2019.11.13-01.09.10:583][  0]LogPakFile: Registered encryption key '00000000000000000000000000000000': 0 pak files mounted, 0 remain pending
[2019.11.13-01.09.10:583][  0]LogPakFile: Registered encryption key '00000000000000000000000000000000': 0 pak files mounted, 0 remain pending
[2019.11.13-01.09.10:584][  0]LogPakFile: Registered encryption key '00000000000000000000000000000000': 0 pak files mounted, 0 remain pending
[2019.11.13-01.09.10:585][  0]LogPakFile: Registered encryption key '00000000000000000000000000000000': 0 pak files mounted, 0 remain pending
[2019.11.13-01.09.10:586][  0]LogPakFile: Registered encryption key '00000000000000000000000000000000': 0 pak files mounted, 0 remain pending
[2019.11.13-01.09.10:586][  0]LogPakFile: Registered encryption key '00000000000000000000000000000000': 0 pak files mounted, 0 remain pending
[2019.11.13-01.09.10:587][  0]LogPakFile: Registered encryption key '00000000000000000000000000000000': 0 pak files mounted, 0 remain pending
[2019.11.13-01.09.10:588][  0]LogPakFile: Registered encryption key '00000000000000000000000000000000': 0 pak files mounted, 0 remain pending
[2019.11.13-01.09.10:589][  0]LogPakFile: Registered encryption key '00000000000000000000000000000000': 0 pak files mounted, 0 remain pending
[2019.11.13-01.09.10:589][  0]LogPakFile: Registered encryption key '00000000000000000000000000000000': 0 pak files mounted, 0 remain pending
[2019.11.13-01.09.10:590][  0]LogPakFile: Registered encryption key '00000000000000000000000000000000': 0 pak files mounted, 0 remain pending
[2019.11.13-01.09.10:701][  0]LogPakFile: Registered encryption key '00000000000000000000000000000000': 0 pak files mounted, 0 remain pending
[2019.11.13-01.09.10:831][  0]LogPakFile: Registered encryption key '00000000000000000000000000000000': 0 pak files mounted, 0 remain pending
[2019.11.13-01.09.11:031][  0]LogPakFile: Registered encryption key '00000000000000000000000000000000': 0 pak files mounted, 0 remain pending
[2019.11.13-01.09.11:310][  0]LogPakFile: Registered encryption key '00000000000000000000000000000000': 0 pak files mounted, 0 remain pending
[2019.11.13-01.09.11:492][  0]LogPakFile: Registered encryption key '00000000000000000000000000000000': 0 pak files mounted, 0 remain pending
[2019.11.13-01.09.11:637][  0]LogPakFile: Registered encryption key '00000000000000000000000000000000': 0 pak files mounted, 0 remain pending
[2019.11.13-01.09.11:793][  0]LogPakFile: Registered encryption key '00000000000000000000000000000000': 0 pak files mounted, 0 remain pending
[2019.11.13-01.09.12:046][  0]LogPakFile: Registered encryption key '00000000000000000000000000000000': 0 pak files mounted, 0 remain pending
[2019.11.13-01.09.12:151][  0]LogPakFile: Registered encryption key '00000000000000000000000000000000': 0 pak files mounted, 0 remain pending
[2019.11.13-01.09.18:375][  0]LogContentBrowser: Native class hierarchy updated for 'AddContentDialog' in 0.0006 seconds. Added 0 classes and 0 folders.
[2019.11.13-01.09.19:233][  0]LogContentBrowser: Native class hierarchy updated for 'SceneOutliner' in 0.0008 seconds. Added 1 classes and 2 folders.
[2019.11.13-01.09.29:441][  0]LogAssetRegistry: Error: Failed to open file for write ../../../../../../Users/XW4600/Documents/Unreal Projects/PlatformerKit2D/Intermediate/CachedAssetRegistry.bin
[2019.11.13-01.09.29:486][  0]LogContentBrowser: Native class hierarchy updated for 'HierarchicalLODOutliner' in 0.0009 seconds. Added 0 classes and 0 folders.
[2019.11.13-01.09.29:486][  0]LogLoad: (Engine Initialization) Total time: 38.58 seconds
[2019.11.13-01.09.29:487][  0]LogLoad: (Engine Initialization) Total Blueprint compile time: 0.00 seconds
[2019.11.13-01.09.29:501][  0]LogWindowsTextInputMethodSystem: Display: IME system now deactivated.
[2019.11.13-01.09.30:096][  0]LogContentStreaming: Texture pool size now 1000 MB
[2019.11.13-01.09.30:099][  0]LogSlate: Took 0.000338 seconds to synchronously load lazily loaded font '../../../Engine/Content/Slate/Fonts/Roboto-Regular.ttf' (155K)
[2019.11.13-01.09.30:103][  0]LogSlate: Took 0.000180 seconds to synchronously load lazily loaded font '../../../Engine/Content/Slate/Fonts/Roboto-Bold.ttf' (160K)
[2019.11.13-01.09.30:290][  0]LogSlate: Took 0.055809 seconds to synchronously load lazily loaded font '../../../Engine/Content/Editor/Slate/Fonts/FontAwesome.ttf' (139K)
[2019.11.13-01.09.33:965][  0]LogRenderer: Reallocating scene render targets to support 880x388 Format 10 NumSamples 1 (Frame:1).
[2019.11.13-01.09.33:965][  0]LogSlate: Took 0.056330 seconds to synchronously load lazily loaded font '../../../Engine/Content/Slate/Fonts/Roboto-Light.ttf' (167K)
[2019.11.13-01.09.36:565][ 13]LogAssetRegistry: Asset discovery search completed in 37.9753 seconds
[2019.11.13-01.09.36:569][ 13]LogCollectionManager: Rebuilt the object cache for 0 collections in 0.000001 seconds (found 0 objects)
[2019.11.13-01.09.36:569][ 13]LogCollectionManager: Fixed up redirectors for 0 collections in 0.000157 seconds (updated 0 objects)
[2019.11.13-01.10.13:903][909]LogD3D11RHI: Timed out while waiting for GPU to catch up. (0.5 s)
[2019.11.13-01.10.16:937][235]LogEditorViewport: Clicking on Actor (context menu): PaperTileMapActor (NewPaperTileMap)
[2019.11.13-01.10.20:606][235]LogSlate: FSceneViewport::OnFocusLost() reason 2
[2019.11.13-01.10.32:235][169]LogSlate: FSceneViewport::OnFocusLost() reason 5
[2019.11.13-01.10.32:269][169]LogSlate: Took 0.000256 seconds to synchronously load lazily loaded font '../../../Engine/Content/Slate/Fonts/Roboto-Light.ttf' (167K)
[2019.11.13-01.10.32:309][169]LogAssetEditorManager: Opening Asset editor for PaperTileMap /Game/2DPlatformingKit/Sprites/Environment/Tilemaps/Demo_Tilemap_Main.Demo_Tilemap_Main
[2019.11.13-01.10.33:424][169]LogSlate: Took 0.033924 seconds to synchronously load lazily loaded font '../../../Engine/Content/Slate/Fonts/Roboto-BoldCondensed.ttf' (158K)
[2019.11.13-01.10.33:727][169]LogRenderer: Reallocating scene render targets to support 880x520 Format 10 NumSamples 1 (Frame:1).
[2019.11.13-01.10.38:448][385]LogSlate: FSceneViewport::OnFocusLost() reason 0
[2019.11.13-01.10.43:540][678]LogD3D11RHI: Timed out while waiting for GPU to catch up. (0.5 s)
[2019.11.13-01.10.52:325][205]LogSlate: FSceneViewport::OnFocusLost() reason 0
[2019.11.13-01.11.31:003][812]LogSlate: FSceneViewport::OnFocusLost() reason 0
[2019.11.13-01.11.58:213][701]LogSlate: FSceneViewport::OnFocusLost() reason 0
[2019.11.13-01.12.05:609][219]LogSlate: FSceneViewport::OnFocusLost() reason 0
[2019.11.13-01.12.11:529][598]LogSlate: FSceneViewport::OnFocusLost() reason 2
[2019.11.13-01.12.13:870][735]LogSlate: FSceneViewport::OnFocusLost() reason 0
[2019.11.13-01.12.26:709][544]LogSlate: FSceneViewport::OnFocusLost() reason 0
[2019.11.13-01.12.29:253][693]LogSlate: FSceneViewport::OnFocusLost() reason 0
[2019.11.13-01.12.39:598][316]Cmd: TRANSACTION UNDO
[2019.11.13-01.12.39:598][316]LogEditorTransaction: Undo Tile Painting
[2019.11.13-01.12.39:944][319]Cmd: TRANSACTION UNDO
[2019.11.13-01.12.39:944][319]LogEditorTransaction: Undo Tile Painting
[2019.11.13-01.12.40:583][350]Cmd: TRANSACTION UNDO
[2019.11.13-01.12.40:583][350]LogEditorTransaction: Undo Tile Painting
[2019.11.13-01.12.41:143][379]Cmd: TRANSACTION UNDO
[2019.11.13-01.12.41:143][379]LogEditorTransaction: Undo Tile Painting
[2019.11.13-01.12.43:565][501]LogSlate: FSceneViewport::OnFocusLost() reason 0
[2019.11.13-01.12.46:004][640]LogSlate: FSceneViewport::OnFocusLost() reason 0
[2019.11.13-01.12.51:242][921]LogSlate: FSceneViewport::OnFocusLost() reason 0
[2019.11.13-01.13.14:599][225]LogSlate: FSceneViewport::OnFocusLost() reason 0
[2019.11.13-01.13.43:623][624]LogSlate: FSceneViewport::OnFocusLost() reason 2
[2019.11.13-01.13.46:578][850]LogSlate: FSceneViewport::OnFocusLost() reason 0
[2019.11.13-01.13.55:583][425]LogSlate: FSceneViewport::OnFocusLost() reason 0
[2019.11.13-01.13.57:952][566]LogSlate: FSceneViewport::OnFocusLost() reason 0
[2019.11.13-01.14.02:076][844]LogSlate: FSceneViewport::OnFocusLost() reason 0
[2019.11.13-01.14.16:423][766]LogSlate: FSceneViewport::OnFocusLost() reason 0
[2019.11.13-01.14.21:044][ 73]LogSlate: FSceneViewport::OnFocusLost() reason 0
[2019.11.13-01.14.31:827][713]LogSlate: FSceneViewport::OnFocusLost() reason 0
[2019.11.13-01.14.48:918][990]LogSlate: FSceneViewport::OnFocusLost() reason 0
[2019.11.13-01.14.54:243][304]LogSlate: FSceneViewport::OnFocusLost() reason 0
[2019.11.13-01.14.58:630][578]LogSlate: FSceneViewport::OnFocusLost() reason 0
[2019.11.13-01.15.03:401][889]LogSlate: FSceneViewport::OnFocusLost() reason 0
[2019.11.13-01.15.11:812][433]LogSlate: FSceneViewport::OnFocusLost() reason 0
[2019.11.13-01.15.17:580][753]LogSlate: FSceneViewport::OnFocusLost() reason 0
[2019.11.13-01.15.22:306][ 51]LogSlate: FSceneViewport::OnFocusLost() reason 0
[2019.11.13-01.15.28:216][392]LogSlate: FSceneViewport::OnFocusLost() reason 0
[2019.11.13-01.15.35:882][822]LogSlate: FSceneViewport::OnFocusLost() reason 0
[2019.11.13-01.15.39:722][ 45]LogSlate: FSceneViewport::OnFocusLost() reason 0
[2019.11.13-01.15.43:539][267]LogSlate: FSceneViewport::OnFocusLost() reason 0
[2019.11.13-01.15.52:838][825]LogSlate: FSceneViewport::OnFocusLost() reason 0
[2019.11.13-01.15.59:158][176]LogSlate: FSceneViewport::OnFocusLost() reason 0
[2019.11.13-01.16.03:169][186]LogSavePackage: Moving '../../../../../../Users/XW4600/Documents/Unreal Projects/PlatformerKit2D/Saved/Demo_Tilemap_MainF187DA384E5E50B8BD1610BF905E23B2.tmp' to '../../../../../../Users/XW4600/Documents/Unreal Projects/PlatformerKit2D/Content/2DPlatformingKit/Sprites/Environment/Tilemaps/Demo_Tilemap_Main.uasset'
[2019.11.13-01.16.32:216][844]LogSlate: FSceneViewport::OnFocusLost() reason 2
[2019.11.13-01.16.36:013][ 63]LogSlate: FSceneViewport::OnFocusLost() reason 0
[2019.11.13-01.16.38:087][ 76]LogSavePackage: Moving '../../../../../../Users/XW4600/Documents/Unreal Projects/PlatformerKit2D/Saved/Demo_Tilemap_MainA938E11E4B06AD18DD7DBFA2FCEDA1F6.tmp' to '../../../../../../Users/XW4600/Documents/Unreal Projects/PlatformerKit2D/Content/2DPlatformingKit/Sprites/Environment/Tilemaps/Demo_Tilemap_Main.uasset'
[2019.11.13-01.16.38:882][121]LogSlate: FSceneViewport::OnFocusLost() reason 2
[2019.11.13-01.16.41:379][265]LogSlate: FSceneViewport::OnFocusLost() reason 0
[2019.11.13-01.16.41:494][276]LogSlate: Window 'Demo_Tilemap_Main' being destroyed
[2019.11.13-01.16.41:500][276]LogSlate: Window 'Demo_Tilemap_Main' being destroyed
[2019.11.13-01.16.45:012][577]LogEditorViewport: Clicking on Actor (LMB): TextRenderActor (TextRenderActor)
[2019.11.13-01.16.45:561][578]Cmd: DELETE
[2019.11.13-01.16.45:561][578]Cmd: ACTOR DELETE
[2019.11.13-01.16.46:417][578]LogEditorActor: Deleted Actor: TextRenderActor
[2019.11.13-01.16.46:649][578]LogEditorActor: Deleted 1 Actors (0.582 secs)
[2019.11.13-01.16.47:606][687]LogEditorViewport: Clicking on Actor (LMB): BP_PowerUp_C (BP_PowerUp)
[2019.11.13-01.16.55:200][391]LogEditorViewport: Clicking on Actor (LMB): BP_Enemy_Template_Flyer_C (BP_Enemy_Template_Flyer9)
[2019.11.13-01.17.00:001][812]LogD3D11RHI: Timed out while waiting for GPU to catch up. (0.5 s)
[2019.11.13-01.17.11:437][811]LogEditorViewport: Clicking on Actor (LMB): BP_Enemy_Template_MoveHorizontal_C (Enemy_Template_MoveHorizontal4)
[2019.11.13-01.17.16:600][228]LogD3D11RHI: Timed out while waiting for GPU to catch up. (0.5 s)
[2019.11.13-01.17.19:688][434]LogD3D11RHI: Timed out while waiting for GPU to catch up. (0.5 s)
[2019.11.13-01.17.35:740][949]LogSlate: FSceneViewport::OnFocusLost() reason 0
[2019.11.13-01.17.37:539][965]LogSavePackage: Moving '../../../../../../Users/XW4600/Documents/Unreal Projects/PlatformerKit2D/Saved/DemoMap72FE5DCC434F379D599ACF85E539B8D5.tmp' to '../../../../../../Users/XW4600/Documents/Unreal Projects/PlatformerKit2D/Content/2DPlatformingKit/Levels/DemoMap.umap'
[2019.11.13-01.17.38:317][ 34]LogSlate: FSceneViewport::OnFocusLost() reason 0
[2019.11.13-01.17.38:570][ 48]LogSlate: Window 'PlatformerKit2D - Unreal Editor' being destroyed
[2019.11.13-01.17.38:572][ 48]LogWindowsTextInputMethodSystem: Display: IME system now deactivated.
[2019.11.13-01.17.38:757][ 49]Cmd: QUIT_EDITOR
[2019.11.13-01.17.38:796][ 49]LogExit: Preparing to exit.
[2019.11.13-01.17.39:047][ 49]LogExit: Editor shut down
[2019.11.13-01.17.39:048][ 49]LogExit: Transaction tracking system shut down
[2019.11.13-01.17.39:279][ 49]LogExit: Object subsystem successfully closed.
[2019.11.13-01.17.39:302][ 49]LogShaderCompilers: Display: Shaders left to compile 0
[2019.11.13-01.17.39:307][ 49]LogD3D11RHI: Shutdown
[2019.11.13-01.17.39:307][ 49]LogD3D11RHI: CleanupD3DDevice
[2019.11.13-01.17.39:361][ 49]LogD3D11RHI: ~FD3D11DynamicRHI
[2019.11.13-01.17.39:415][ 49]LogModuleManager: Shutting down and abandoning module HierarchicalLODOutliner (622)
[2019.11.13-01.17.39:415][ 49]LogModuleManager: Shutting down and abandoning module SceneOutliner (620)
[2019.11.13-01.17.39:415][ 49]LogModuleManager: Shutting down and abandoning module AddContentDialog (618)
[2019.11.13-01.17.39:416][ 49]LogModuleManager: Shutting down and abandoning module WidgetCarousel (617)
[2019.11.13-01.17.39:416][ 49]LogModuleManager: Shutting down and abandoning module EditorWidgets (614)
[2019.11.13-01.17.39:416][ 49]LogModuleManager: Shutting down and abandoning module CollectionManager (612)
[2019.11.13-01.17.39:417][ 49]LogModuleManager: Shutting down and abandoning module StatsViewer (610)
[2019.11.13-01.17.39:417][ 49]LogModuleManager: Shutting down and abandoning module FoliageEdit (608)
[2019.11.13-01.17.39:417][ 49]LogModuleManager: Shutting down and abandoning module LandscapeEditor (606)
[2019.11.13-01.17.39:417][ 49]LogModuleManager: Shutting down and abandoning module MeshPaintMode (604)
[2019.11.13-01.17.39:417][ 49]LogModuleManager: Shutting down and abandoning module SceneDepthPickerMode (602)
[2019.11.13-01.17.39:417][ 49]LogModuleManager: Shutting down and abandoning module ActorPickerMode (600)
[2019.11.13-01.17.39:417][ 49]LogModuleManager: Shutting down and abandoning module GeometryMode (598)
[2019.11.13-01.17.39:417][ 49]LogModuleManager: Shutting down and abandoning module TextureAlignMode (596)
[2019.11.13-01.17.39:417][ 49]LogModuleManager: Shutting down and abandoning module BspMode (594)
[2019.11.13-01.17.39:417][ 49]LogModuleManager: Shutting down and abandoning module PIEPreviewDeviceProfileSelector (592)
[2019.11.13-01.17.39:417][ 49]LogModuleManager: Shutting down and abandoning module SequenceRecorderSections (590)
[2019.11.13-01.17.39:417][ 49]LogModuleManager: Shutting down and abandoning module AutomationWorker (588)
[2019.11.13-01.17.39:417][ 49]LogModuleManager: Shutting down and abandoning module AudioCaptureEditor (586)
[2019.11.13-01.17.39:417][ 49]LogModuleManager: Shutting down and abandoning module MatineeToLevelSequence (584)
[2019.11.13-01.17.39:418][ 49]LogModuleManager: Shutting down and abandoning module LevelSequenceEditor (582)
[2019.11.13-01.17.39:418][ 49]LogModuleManager: Shutting down and abandoning module PlacementMode (581)
[2019.11.13-01.17.39:418][ 49]LogModuleManager: Shutting down and abandoning module MaterialEditor (580)
[2019.11.13-01.17.39:418][ 49]LogModuleManager: Shutting down and abandoning module WmfMediaFactory (576)
[2019.11.13-01.17.39:418][ 49]LogModuleManager: Shutting down and abandoning module WmfMediaEditor (574)
[2019.11.13-01.17.39:418][ 49]LogModuleManager: Shutting down and abandoning module WebMMediaFactory (572)
[2019.11.13-01.17.39:418][ 49]LogModuleManager: Shutting down and abandoning module WebMMediaEditor (570)
[2019.11.13-01.17.39:418][ 49]LogModuleManager: Shutting down and abandoning module WebMMedia (568)
[2019.11.13-01.17.39:418][ 49]LogModuleManager: Shutting down and abandoning module MediaPlayerEditor (566)
[2019.11.13-01.17.39:418][ 49]LogModuleManager: Shutting down and abandoning module MediaCompositingEditor (564)
[2019.11.13-01.17.39:418][ 49]LogModuleManager: Shutting down and abandoning module SequenceRecorder (563)
[2019.11.13-01.17.39:418][ 49]LogModuleManager: Shutting down and abandoning module OpenExrWrapper (560)
[2019.11.13-01.17.39:418][ 49]LogModuleManager: Shutting down and abandoning module ImgMediaFactory (558)
[2019.11.13-01.17.39:418][ 49]LogModuleManager: Shutting down and abandoning module ImgMediaEditor (556)
[2019.11.13-01.17.39:418][ 49]LogModuleManager: Shutting down and abandoning module AvfMediaFactory (554)
[2019.11.13-01.17.39:419][ 49]LogModuleManager: Shutting down and abandoning module AvfMediaEditor (552)
[2019.11.13-01.17.39:419][ 49]LogModuleManager: Shutting down and abandoning module AndroidMediaFactory (550)
[2019.11.13-01.17.39:419][ 49]LogModuleManager: Shutting down and abandoning module AndroidMediaEditor (548)
[2019.11.13-01.17.39:419][ 49]LogModuleManager: Shutting down and abandoning module MagicLeapCameraPreviewFactory (546)
[2019.11.13-01.17.39:419][ 49]LogModuleManager: Shutting down and abandoning module MagicLeapMediaFactory (544)
[2019.11.13-01.17.39:419][ 49]LogModuleManager: Shutting down and abandoning module MagicLeapMediaEditor (542)
[2019.11.13-01.17.39:419][ 49]LogModuleManager: Shutting down and abandoning module CharacterAI (540)
[2019.11.13-01.17.39:419][ 49]LogModuleManager: Shutting down and abandoning module SmartSnapping (538)
[2019.11.13-01.17.39:419][ 49]LogModuleManager: Shutting down and abandoning module SessionServices (536)
[2019.11.13-01.17.39:419][ 49]LogModuleManager: Shutting down and abandoning module ViewportSnapping (534)
[2019.11.13-01.17.39:419][ 49]LogModuleManager: Shutting down and abandoning module ViewportInteraction (532)
[2019.11.13-01.17.39:419][ 49]LogModuleManager: Shutting down and abandoning module ClothPainter (530)
[2019.11.13-01.17.39:419][ 49]LogModuleManager: Shutting down and abandoning module SkeletalMeshEditor (529)
[2019.11.13-01.17.39:419][ 49]LogModuleManager: Shutting down and abandoning module LogVisualizer (526)
[2019.11.13-01.17.39:419][ 49]LogModuleManager: Shutting down and abandoning module IntroTutorials (524)
[2019.11.13-01.17.39:419][ 49]LogModuleManager: Shutting down and abandoning module GameProjectGeneration (523)
[2019.11.13-01.17.39:419][ 49]LogModuleManager: Shutting down and abandoning module LuminPlatformEditor (520)
[2019.11.13-01.17.39:419][ 49]LogModuleManager: Shutting down and abandoning module IOSPlatformEditor (518)
[2019.11.13-01.17.39:420][ 49]LogModuleManager: Shutting down and abandoning module HTML5PlatformEditor (516)
[2019.11.13-01.17.39:420][ 49]LogModuleManager: Shutting down and abandoning module AndroidPlatformEditor (514)
[2019.11.13-01.17.39:420][ 49]LogModuleManager: Shutting down and abandoning module AndroidDeviceDetection (513)
[2019.11.13-01.17.39:831][ 49]LogModuleManager: Shutting down and abandoning module WindowsPlatformEditor (510)
[2019.11.13-01.17.39:832][ 49]LogModuleManager: Shutting down and abandoning module LuminRuntimeSettings (508)
[2019.11.13-01.17.39:832][ 49]LogModuleManager: Shutting down and abandoning module IOSRuntimeSettings (506)
[2019.11.13-01.17.39:832][ 49]LogModuleManager: Shutting down and abandoning module AndroidRuntimeSettings (504)
[2019.11.13-01.17.39:832][ 49]LogModuleManager: Shutting down and abandoning module TimeManagementEditor (502)
[2019.11.13-01.17.39:832][ 49]LogModuleManager: Shutting down and abandoning module InputBindingEditor (500)
[2019.11.13-01.17.39:832][ 49]LogModuleManager: Shutting down and abandoning module MergeActors (498)
[2019.11.13-01.17.39:832][ 49]LogModuleManager: Shutting down and abandoning module LocalizationDashboard (496)
[2019.11.13-01.17.39:832][ 49]LogModuleManager: Shutting down and abandoning module LocalizationService (495)
[2019.11.13-01.17.39:832][ 49]LogModuleManager: Shutting down and abandoning module HardwareTargeting (492)
[2019.11.13-01.17.39:832][ 49]LogModuleManager: Shutting down and abandoning module DeviceProfileEditor (490)
[2019.11.13-01.17.39:832][ 49]LogModuleManager: Shutting down and abandoning module UndoHistory (488)
[2019.11.13-01.17.39:833][ 49]LogModuleManager: Shutting down and abandoning module XmlParser (486)
[2019.11.13-01.17.39:833][ 49]LogModuleManager: Shutting down and abandoning module Blutility (484)
[2019.11.13-01.17.39:833][ 49]LogModuleManager: Shutting down and abandoning module ProjectSettingsViewer (482)
[2019.11.13-01.17.39:833][ 49]LogModuleManager: Shutting down and abandoning module ProjectTargetPlatformEditor (481)
[2019.11.13-01.17.39:833][ 49]LogModuleManager: Shutting down and abandoning module EditorSettingsViewer (478)
[2019.11.13-01.17.39:833][ 49]LogModuleManager: Shutting down and abandoning module SettingsEditor (476)
[2019.11.13-01.17.39:833][ 49]LogModuleManager: Shutting down and abandoning module ProjectLauncher (474)
[2019.11.13-01.17.39:833][ 49]LogModuleManager: Shutting down and abandoning module SessionFrontend (472)
[2019.11.13-01.17.39:833][ 49]LogModuleManager: Shutting down and abandoning module ProfilerClient (470)
[2019.11.13-01.17.39:833][ 49]LogModuleManager: Shutting down and abandoning module DeviceManager (468)
[2019.11.13-01.17.39:834][ 49]LogModuleManager: Shutting down and abandoning module TargetDeviceServices (467)
[2019.11.13-01.17.39:889][ 49]LogModuleManager: Shutting down and abandoning module AutomationController (464)
[2019.11.13-01.17.39:889][ 49]LogModuleManager: Shutting down and abandoning module AutomationWindow (462)
[2019.11.13-01.17.39:889][ 49]LogModuleManager: Shutting down and abandoning module Layers (460)
[2019.11.13-01.17.39:889][ 49]LogModuleManager: Shutting down and abandoning module ComponentVisualizers (458)
[2019.11.13-01.17.39:889][ 49]LogModuleManager: Shutting down and abandoning module DetailCustomizations (456)
[2019.11.13-01.17.39:889][ 49]LogModuleManager: Shutting down and abandoning module PackagesDialog (454)
[2019.11.13-01.17.39:889][ 49]LogModuleManager: Shutting down and abandoning module Persona (452)
[2019.11.13-01.17.39:889][ 49]LogModuleManager: Shutting down and abandoning module AdvancedPreviewScene (451)
[2019.11.13-01.17.39:889][ 49]LogModuleManager: Shutting down and abandoning module AnimGraph (449)
[2019.11.13-01.17.39:889][ 49]LogModuleManager: Shutting down and abandoning module Kismet (446)
[2019.11.13-01.17.39:891][ 49]LogModuleManager: Shutting down and abandoning module GraphEditor (444)
[2019.11.13-01.17.39:891][ 49]LogModuleManager: Shutting down and abandoning module ClassViewer (442)
[2019.11.13-01.17.39:891][ 49]LogModuleManager: Shutting down and abandoning module Toolbox (440)
[2019.11.13-01.17.39:891][ 49]LogModuleManager: Shutting down and abandoning module ModuleUI (438)
[2019.11.13-01.17.39:891][ 49]LogModuleManager: Shutting down and abandoning module MovieSceneTools (436)
[2019.11.13-01.17.39:891][ 49]LogModuleManager: Shutting down and abandoning module OutputLog (434)
[2019.11.13-01.17.39:891][ 49]LogModuleManager: Shutting down and abandoning module GammaUI (432)
[2019.11.13-01.17.39:891][ 49]LogModuleManager: Shutting down and abandoning module Documentation (430)
[2019.11.13-01.17.39:892][ 49]LogModuleManager: Shutting down and abandoning module MovieSceneTracks (428)
[2019.11.13-01.17.39:892][ 49]LogModuleManager: Shutting down and abandoning module MovieScene (426)
[2019.11.13-01.17.39:892][ 49]LogModuleManager: Shutting down and abandoning module StreamingPauseRendering (424)
[2019.11.13-01.17.39:892][ 49]LogModuleManager: Shutting down and abandoning module LauncherPlatform (422)
[2019.11.13-01.17.39:892][ 49]LogModuleManager: Shutting down and abandoning module AnalyticsET (420)
[2019.11.13-01.17.39:892][ 49]LogModuleManager: Shutting down and abandoning module PortalServices (418)
[2019.11.13-01.17.39:892][ 49]LogModuleManager: Shutting down and abandoning module PortalRpc (416)
[2019.11.13-01.17.39:892][ 49]LogModuleManager: Shutting down and abandoning module MessagingRpc (414)
[2019.11.13-01.17.39:892][ 49]LogModuleManager: Shutting down and abandoning module AIModule (412)
[2019.11.13-01.17.39:892][ 49]LogModuleManager: Shutting down and abandoning module GameplayDebugger (411)
[2019.11.13-01.17.39:892][ 49]LogModuleManager: Shutting down and abandoning module AITestSuite (409)
[2019.11.13-01.17.39:892][ 49]LogModuleManager: Shutting down and abandoning module NavigationSystem (407)
[2019.11.13-01.17.39:892][ 49]LogModuleManager: Shutting down and abandoning module DesktopPlatform (404)
[2019.11.13-01.17.39:892][ 49]LogModuleManager: Shutting down and abandoning module ImageWriteQueue (402)
[2019.11.13-01.17.39:895][ 49]LogModuleManager: Shutting down and abandoning module ProfilerService (400)
[2019.11.13-01.17.39:977][ 49]LogModuleManager: Shutting down and abandoning module TaskGraph (398)
[2019.11.13-01.17.39:977][ 49]LogModuleManager: Shutting down and abandoning module ProceduralMeshComponentEditor (396)
[2019.11.13-01.17.39:977][ 49]LogModuleManager: Shutting down and abandoning module ProceduralMeshComponent (394)
[2019.11.13-01.17.39:977][ 49]LogModuleManager: Shutting down and abandoning module OculusInput (392)
[2019.11.13-01.17.39:977][ 49]LogModuleManager: Shutting down and abandoning module MobilePatchingUtils (390)
[2019.11.13-01.17.39:978][ 49]LogModuleManager: Shutting down and abandoning module EditableMesh (388)
[2019.11.13-01.17.39:978][ 49]LogModuleManager: Shutting down and abandoning module CustomMeshComponent (386)
[2019.11.13-01.17.39:978][ 49]LogModuleManager: Shutting down and abandoning module CableComponent (384)
[2019.11.13-01.17.39:978][ 49]LogModuleManager: Shutting down and abandoning module AudioCapture (382)
[2019.11.13-01.17.39:978][ 49]LogModuleManager: Shutting down and abandoning module ArchVisCharacter (380)
[2019.11.13-01.17.39:978][ 49]LogModuleManager: Shutting down and abandoning module AndroidPermission (378)
[2019.11.13-01.17.39:978][ 49]LogModuleManager: Shutting down and abandoning module NUTUnrealEngine4 (376)
[2019.11.13-01.17.39:978][ 49]LogModuleManager: Shutting down and abandoning module NetcodeUnitTest (374)
[2019.11.13-01.17.39:978][ 49]LogModuleManager: Shutting down and abandoning module MediaCompositing (372)
[2019.11.13-01.17.39:978][ 49]LogModuleManager: Shutting down and abandoning module LinearTimecode (370)
[2019.11.13-01.17.39:978][ 49]LogModuleManager: Shutting down and abandoning module ImgMedia (368)
[2019.11.13-01.17.39:981][ 49]LogModuleManager: Shutting down and abandoning module HTML5Networking (366)
[2019.11.13-01.17.39:981][ 49]LogModuleManager: Shutting down and abandoning module GeometryCacheTracks (364)
[2019.11.13-01.17.39:981][ 49]LogModuleManager: Shutting down and abandoning module GeometryCacheSequencer (362)
[2019.11.13-01.17.39:981][ 49]LogModuleManager: Shutting down and abandoning module BackChannel (360)
[2019.11.13-01.17.39:981][ 49]LogModuleManager: Shutting down and abandoning module AppleVision (358)
[2019.11.13-01.17.39:981][ 49]LogModuleManager: Shutting down and abandoning module AppleImageUtilsBlueprintSupport (356)
[2019.11.13-01.17.39:981][ 49]LogModuleManager: Shutting down and abandoning module AppleImageUtils (354)
[2019.11.13-01.17.39:981][ 49]LogModuleManager: Shutting down and abandoning module AlembicImporter (352)
[2019.11.13-01.17.39:981][ 49]LogModuleManager: Shutting down and abandoning module AlembicLibrary (351)
[2019.11.13-01.17.39:981][ 49]LogModuleManager: Shutting down and abandoning module GeometryCache (350)
[2019.11.13-01.17.39:981][ 49]LogModuleManager: Shutting down and abandoning module GeometryCacheEd (349)
[2019.11.13-01.17.39:981][ 49]LogModuleManager: Shutting down and abandoning module VariantManagerContent (344)
[2019.11.13-01.17.39:982][ 49]LogModuleManager: Shutting down and abandoning module DatasmithContentEditor (342)
[2019.11.13-01.17.39:982][ 49]LogModuleManager: Shutting down and abandoning module SpeedTreeImporter (340)
[2019.11.13-01.17.39:982][ 49]LogModuleManager: Shutting down and abandoning module PluginBrowser (338)
[2019.11.13-01.17.39:982][ 49]LogModuleManager: Shutting down and abandoning module MobileLauncherProfileWizard (336)
[2019.11.13-01.17.39:982][ 49]LogModuleManager: Shutting down and abandoning module PolygonModeling (334)
[2019.11.13-01.17.39:982][ 49]LogModuleManager: Shutting down and abandoning module MeshEditor (332)
[2019.11.13-01.17.39:982][ 49]LogModuleManager: Shutting down and abandoning module CryptoKeysOpenSSL (330)
[2019.11.13-01.17.39:982][ 49]LogModuleManager: Shutting down and abandoning module CryptoKeys (328)
[2019.11.13-01.17.39:982][ 49]LogModuleManager: Shutting down and abandoning module VisualStudioSourceCodeAccess (326)
[2019.11.13-01.17.39:982][ 49]LogModuleManager: Shutting down and abandoning module VisualStudioCodeSourceCodeAccess (324)
[2019.11.13-01.17.39:982][ 49]LogModuleManager: Shutting down and abandoning module UObjectPlugin (322)
[2019.11.13-01.17.39:982][ 49]LogModuleManager: Shutting down and abandoning module SubversionSourceControl (320)
[2019.11.13-01.17.39:982][ 49]LogModuleManager: Shutting down and abandoning module PerforceSourceControl (318)
[2019.11.13-01.17.39:982][ 49]LogModuleManager: Shutting down and abandoning module GitSourceControl (316)
[2019.11.13-01.17.39:982][ 49]LogModuleManager: Shutting down and abandoning module SourceControl (315)
[2019.11.13-01.17.39:982][ 49]LogModuleManager: Shutting down and abandoning module CLionSourceCodeAccess (312)
[2019.11.13-01.17.39:982][ 49]LogModuleManager: Shutting down and abandoning module ActorLayerUtilitiesEditor (310)
[2019.11.13-01.17.39:983][ 49]LogModuleManager: Shutting down and abandoning module ActorLayerUtilities (308)
[2019.11.13-01.17.39:983][ 49]LogModuleManager: Shutting down and abandoning module LightPropagationVolumeEditor (306)
[2019.11.13-01.17.39:983][ 49]LogModuleManager: Shutting down and abandoning module PaperTiledImporter (304)
[2019.11.13-01.17.39:983][ 49]LogModuleManager: Shutting down and abandoning module PaperSpriteSheetImporter (302)
[2019.11.13-01.17.39:983][ 49]LogModuleManager: Shutting down and abandoning module Paper2DEditor (300)
[2019.11.13-01.17.39:983][ 49]LogModuleManager: Shutting down and abandoning module MeshPaint (299)
[2019.11.13-01.17.39:983][ 49]LogModuleManager: Shutting down and abandoning module RuntimePhysXCooking (296)
[2019.11.13-01.17.39:983][ 49]LogModuleManager: Shutting down and abandoning module PhysXVehiclesEditor (294)
[2019.11.13-01.17.39:983][ 49]LogModuleManager: Shutting down and abandoning module PhysXVehicles (292)
[2019.11.13-01.17.39:983][ 49]LogModuleManager: Shutting down and abandoning module OculusEditor (290)
[2019.11.13-01.17.39:983][ 49]LogModuleManager: Shutting down and abandoning module LocationServicesBPLibrary (288)
[2019.11.13-01.17.39:983][ 49]LogModuleManager: Shutting down and abandoning module ApexDestructionEditor (286)
[2019.11.13-01.17.39:983][ 49]LogModuleManager: Shutting down and abandoning module ApexDestruction (284)
[2019.11.13-01.17.39:983][ 49]LogModuleManager: Shutting down and abandoning module ActorSequence (282)
[2019.11.13-01.17.39:983][ 49]LogModuleManager: Shutting down and abandoning module UdpMessaging (280)
[2019.11.13-01.17.40:084][ 49]LogModuleManager: Shutting down and abandoning module TcpMessaging (278)
[2019.11.13-01.17.40:185][ 49]LogModuleManager: Shutting down and abandoning module MagicLeapAudio (276)
[2019.11.13-01.17.40:185][ 49]LogModuleManager: Shutting down and abandoning module GameplayTagsEditor (274)
[2019.11.13-01.17.40:185][ 49]LogModuleManager: Shutting down and abandoning module FacialAnimationEditor (272)
[2019.11.13-01.17.40:185][ 49]LogModuleManager: Shutting down and abandoning module FacialAnimation (270)
[2019.11.13-01.17.40:185][ 49]LogModuleManager: Shutting down and abandoning module DataValidation (268)
[2019.11.13-01.17.40:185][ 49]LogModuleManager: Shutting down and abandoning module AssetManagerEditor (266)
[2019.11.13-01.17.40:185][ 49]LogModuleManager: Shutting down and abandoning module LevelEditor (265)
[2019.11.13-01.17.40:186][ 49]LogModuleManager: Shutting down and abandoning module PixelInspectorModule (264)
[2019.11.13-01.17.40:186][ 49]LogModuleManager: Shutting down and abandoning module CommonMenuExtensions (262)
[2019.11.13-01.17.40:187][ 49]LogModuleManager: Shutting down and abandoning module MainFrame (260)
[2019.11.13-01.17.40:187][ 49]LogModuleManager: Shutting down and abandoning module HotReload (259)
[2019.11.13-01.17.40:188][ 49]LogModuleManager: Shutting down and abandoning module ContentBrowser (255)
[2019.11.13-01.17.40:189][ 49]LogModuleManager: Shutting down and abandoning module TreeMap (253)
[2019.11.13-01.17.40:189][ 49]LogModuleManager: Shutting down and abandoning module LightPropagationVolumeRuntime (250)
[2019.11.13-01.17.40:189][ 49]LogModuleManager: Shutting down and abandoning module AISupportModule (248)
[2019.11.13-01.17.40:189][ 49]LogModuleManager: Shutting down and abandoning module Paper2D (246)
[2019.11.13-01.17.40:190][ 49]LogModuleManager: Shutting down and abandoning module WindowsMoviePlayer (244)
[2019.11.13-01.17.40:190][ 49]LogModuleManager: Shutting down and abandoning module WebMMoviePlayer (242)
[2019.11.13-01.17.40:190][ 49]LogModuleManager: Shutting down and abandoning module WmfMedia (240)
[2019.11.13-01.17.40:192][ 49]LogModuleManager: Shutting down and abandoning module Media (239)
[2019.11.13-01.17.40:199][ 49]LogModuleManager: Shutting down and abandoning module PacketHandler (236)
[2019.11.13-01.17.40:199][ 49]LogModuleManager: Shutting down and abandoning module ClothingSystemEditor (234)
[2019.11.13-01.17.40:199][ 49]LogModuleManager: Shutting down and abandoning module ClothingSystemRuntime (232)
[2019.11.13-01.17.40:199][ 49]LogModuleManager: Shutting down and abandoning module MediaAssets (230)
[2019.11.13-01.17.40:199][ 49]LogModuleManager: Shutting down and abandoning module Overlay (228)
[2019.11.13-01.17.40:199][ 49]LogModuleManager: Shutting down and abandoning module OverlayEditor (227)
[2019.11.13-01.17.40:199][ 49]LogModuleManager: Shutting down and abandoning module VREditor (224)
[2019.11.13-01.17.40:199][ 49]LogModuleManager: Shutting down and abandoning module StringTableEditor (222)
[2019.11.13-01.17.40:200][ 49]LogModuleManager: Shutting down and abandoning module GameplayTasksEditor (220)
[2019.11.13-01.17.40:200][ 49]LogModuleManager: Shutting down and abandoning module BehaviorTreeEditor (218)
[2019.11.13-01.17.40:200][ 49]LogModuleManager: Shutting down and abandoning module FunctionalTesting (216)
[2019.11.13-01.17.40:200][ 49]LogModuleManager: Shutting down and abandoning module CollisionAnalyzer (214)
[2019.11.13-01.17.40:200][ 49]LogModuleManager: Shutting down and abandoning module WorkspaceMenuStructure (213)
[2019.11.13-01.17.40:200][ 49]LogModuleManager: Shutting down and abandoning module UMG (210)
[2019.11.13-01.17.40:200][ 49]LogModuleManager: Shutting down and abandoning module UMGEditor (209)
[2019.11.13-01.17.40:200][ 49]LogModuleManager: Shutting down and abandoning module Sequencer (208)
[2019.11.13-01.17.40:201][ 49]LogModuleManager: Shutting down and abandoning module MessageLog (205)
[2019.11.13-01.17.40:201][ 49]LogModuleManager: Shutting down and abandoning module SlateReflector (200)
[2019.11.13-01.17.40:201][ 49]LogModuleManager: Shutting down and abandoning module Slate (198)
[2019.11.13-01.17.40:201][ 49]LogModuleManager: Shutting down and abandoning module EditorStyle (196)
[2019.11.13-01.17.40:204][ 49]LogModuleManager: Shutting down and abandoning module MRMesh (194)
[2019.11.13-01.17.40:204][ 49]LogModuleManager: Shutting down and abandoning module SourceCodeAccess (192)
[2019.11.13-01.17.40:204][ 49]LogModuleManager: Shutting down and abandoning module HeadMountedDisplay (190)
[2019.11.13-01.17.40:204][ 49]LogModuleManager: Shutting down and abandoning module XAudio2 (188)
[2019.11.13-01.17.40:204][ 49]LogModuleManager: Shutting down and abandoning module Networking (186)
[2019.11.13-01.17.40:204][ 49]LogModuleManager: Shutting down and abandoning module Core (184)
[2019.11.13-01.17.40:204][ 49]LogModuleManager: Shutting down and abandoning module LevelSequence (182)
[2019.11.13-01.17.40:205][ 49]LogModuleManager: Shutting down and abandoning module KismetCompiler (180)
[2019.11.13-01.17.40:205][ 49]LogModuleManager: Shutting down and abandoning module MeshUtilities (178)
[2019.11.13-01.17.40:205][ 49]LogModuleManager: Shutting down and abandoning module MeshMergeUtilities (177)
[2019.11.13-01.17.40:205][ 49]LogModuleManager: Shutting down and abandoning module MeshReductionInterface (176)
[2019.11.13-01.17.40:205][ 49]LogModuleManager: Shutting down and abandoning module SimplygonSwarm (175)
[2019.11.13-01.17.40:205][ 49]LogModuleManager: Shutting down and abandoning module ProxyLODMeshReduction (173)
[2019.11.13-01.17.40:205][ 49]LogModuleManager: Shutting down and abandoning module SimplygonMeshReduction (171)
[2019.11.13-01.17.40:205][ 49]LogModuleManager: Shutting down and abandoning module QuadricMeshReduction (169)
[2019.11.13-01.17.40:205][ 49]LogModuleManager: Shutting down and abandoning module MaterialBaking (165)
[2019.11.13-01.17.40:205][ 49]LogModuleManager: Shutting down and abandoning module DirectoryWatcher (161)
[2019.11.13-01.17.40:205][ 49]LogModuleManager: Shutting down and abandoning module DerivedDataCache (158)
[2019.11.13-01.17.40:215][ 49]LogDerivedDataCache: Shutdown
[2019.11.13-01.17.40:215][ 49]LogModuleManager: Shutting down and abandoning module XGEController (156)
[2019.11.13-01.17.40:216][ 49]LogModuleManager: Shutting down and abandoning module TargetPlatform (154)
[2019.11.13-01.17.40:216][ 49]LogModuleManager: Shutting down and abandoning module VulkanShaderFormat (153)
[2019.11.13-01.17.40:216][ 49]LogModuleManager: Shutting down and abandoning module ShaderFormatVectorVM (151)
[2019.11.13-01.17.40:216][ 49]LogModuleManager: Shutting down and abandoning module ShaderFormatOpenGL (149)
[2019.11.13-01.17.40:216][ 49]LogModuleManager: Shutting down and abandoning module ShaderFormatD3D (147)
[2019.11.13-01.17.40:216][ 49]LogModuleManager: Shutting down and abandoning module MetalShaderFormat (145)
[2019.11.13-01.17.40:216][ 49]LogModuleManager: Shutting down and abandoning module TextureFormatUncompressed (143)
[2019.11.13-01.17.40:216][ 49]LogModuleManager: Shutting down and abandoning module TextureFormatPVR (141)
[2019.11.13-01.17.40:216][ 49]LogModuleManager: Shutting down and abandoning module TextureFormatDXT (139)
[2019.11.13-01.17.40:216][ 49]LogModuleManager: Shutting down and abandoning module TextureFormatIntelISPCTexComp (137)
[2019.11.13-01.17.40:217][ 49]LogModuleManager: Shutting down and abandoning module TextureFormatASTC (135)
[2019.11.13-01.17.40:217][ 49]LogModuleManager: Shutting down and abandoning module ImageWrapper (134)
[2019.11.13-01.17.40:217][ 49]LogModuleManager: Shutting down and abandoning module TextureFormatAndroid (131)
[2019.11.13-01.17.40:217][ 49]LogModuleManager: Shutting down and abandoning module AudioFormatOpus (129)
[2019.11.13-01.17.40:217][ 49]LogModuleManager: Shutting down and abandoning module AudioFormatOgg (127)
[2019.11.13-01.17.40:217][ 49]LogModuleManager: Shutting down and abandoning module AudioFormatADPCM (125)
[2019.11.13-01.17.40:217][ 49]LogModuleManager: Shutting down and abandoning module LuminTargetPlatform (123)
[2019.11.13-01.17.40:218][ 49]LogModuleManager: Shutting down and abandoning module LinuxTargetPlatform (121)
[2019.11.13-01.17.40:218][ 49]LogModuleManager: Shutting down and abandoning module LinuxServerTargetPlatform (119)
[2019.11.13-01.17.40:219][ 49]LogModuleManager: Shutting down and abandoning module LinuxNoEditorTargetPlatform (117)
[2019.11.13-01.17.40:219][ 49]LogModuleManager: Shutting down and abandoning module LinuxClientTargetPlatform (115)
[2019.11.13-01.17.40:219][ 49]LogModuleManager: Shutting down and abandoning module TVOSTargetPlatform (113)
[2019.11.13-01.17.40:220][ 49]LogModuleManager: Shutting down and abandoning module Messaging (111)
[2019.11.13-01.17.40:220][ 49]LogModuleManager: Shutting down and abandoning module IOSTargetPlatform (109)
[2019.11.13-01.17.40:221][ 49]LogModuleManager: Shutting down and abandoning module HTML5TargetPlatform (107)
[2019.11.13-01.17.40:221][ 49]LogModuleManager: Shutting down and abandoning module AndroidTargetPlatform (105)
[2019.11.13-01.17.40:232][ 49]LogModuleManager: Shutting down and abandoning module WindowsTargetPlatform (103)
[2019.11.13-01.17.40:232][ 49]LogModuleManager: Shutting down and abandoning module WindowsServerTargetPlatform (101)
[2019.11.13-01.17.40:232][ 49]LogModuleManager: Shutting down and abandoning module WindowsNoEditorTargetPlatform (99)
[2019.11.13-01.17.40:232][ 49]LogModuleManager: Shutting down and abandoning module WindowsClientTargetPlatform (97)
[2019.11.13-01.17.40:232][ 49]LogModuleManager: Shutting down and abandoning module MacTargetPlatform (95)
[2019.11.13-01.17.40:232][ 49]LogModuleManager: Shutting down and abandoning module MacServerTargetPlatform (93)
[2019.11.13-01.17.40:232][ 49]LogModuleManager: Shutting down and abandoning module MacNoEditorTargetPlatform (91)
[2019.11.13-01.17.40:232][ 49]LogModuleManager: Shutting down and abandoning module MacClientTargetPlatform (89)
[2019.11.13-01.17.40:232][ 49]LogModuleManager: Shutting down and abandoning module AllDesktopTargetPlatform (87)
[2019.11.13-01.17.40:232][ 49]LogModuleManager: Shutting down and abandoning module InputCore (84)
[2019.11.13-01.17.40:232][ 49]LogModuleManager: Shutting down and abandoning module Settings (82)
[2019.11.13-01.17.40:232][ 49]LogModuleManager: Shutting down and abandoning module PhysXCooking (80)
[2019.11.13-01.17.40:233][ 49]LogModuleManager: Shutting down and abandoning module OculusHMD (78)
[2019.11.13-01.17.40:233][ 49]LogModuleManager: Shutting down and abandoning module ExampleDeviceProfileSelector (76)
[2019.11.13-01.17.40:233][ 49]LogModuleManager: Shutting down and abandoning module LauncherChunkInstaller (74)
[2019.11.13-01.17.40:233][ 49]LogModuleManager: Shutting down and abandoning module OnlineBlueprintSupport (72)
[2019.11.13-01.17.40:233][ 49]LogModuleManager: Shutting down and abandoning module OnlineSubsystem (68)
[2019.11.13-01.17.40:234][ 49]LogModuleManager: Shutting down and abandoning module XMPP (63)
[2019.11.13-01.17.40:234][ 49]LogModuleManager: Shutting down and abandoning module WebSockets (62)
[2019.11.13-01.17.40:267][ 49]LogModuleManager: Shutting down and abandoning module HTTP (59)
[2019.11.13-01.17.40:267][ 49]LogHttp: Display: Http module shutting down, but needs to wait on 1 outstanding Http requests:
[2019.11.13-01.17.40:267][ 49]LogHttp: Display: 	verb=[POST] url=[https://datarouter.ol.epicgames.com/datarouter/api/v1/public/data?SessionID=%7B9992B3D8-41F2-213B-F5D5-24928BB50996%7D&AppID=UEEditor.Rocket.Release&AppVersion=4.21.2-4753647%2B%2B%2BUE4%2BRelease-4.21&UserID=346ccdcb44d8c5e1b87c07a8c2a0645c%7C3d964b2b14614ad4a0d674c01e67c82b%7C20312d78-7686-457c-8340-5419eac4315b&AppEnvironment=datacollector-binary&UploadType=eteventstream] status=Processing
[2019.11.13-01.17.40:291][ 49]LogModuleManager: Shutting down and abandoning module SSL (58)
[2019.11.13-01.17.40:294][ 49]LogModuleManager: Shutting down and abandoning module MagicLeapIdentity (54)
[2019.11.13-01.17.40:294][ 49]LogModuleManager: Shutting down and abandoning module MagicLeapHelperVulkan (52)
[2019.11.13-01.17.40:294][ 49]LogModuleManager: Shutting down and abandoning module MagicLeapHelperOpenGL (50)
[2019.11.13-01.17.40:294][ 49]LogModuleManager: Shutting down and abandoning module MagicLeapSecureStorage (48)
[2019.11.13-01.17.40:294][ 49]LogModuleManager: Shutting down and abandoning module MagicLeapHandTracking (46)
[2019.11.13-01.17.40:294][ 49]LogModuleManager: Shutting down and abandoning module MagicLeapEyeTracker (44)
[2019.11.13-01.17.40:294][ 49]LogModuleManager: Shutting down and abandoning module MagicLeapController (42)
[2019.11.13-01.17.40:294][ 49]LogSlate: Slate User Destroyed.  User Index 0, Is Virtual User: 0
[2019.11.13-01.17.40:294][ 49]LogModuleManager: Shutting down and abandoning module MagicLeap (40)
[2019.11.13-01.17.40:295][ 49]LogModuleManager: Shutting down and abandoning module DatasmithContent (38)
[2019.11.13-01.17.40:295][ 49]LogModuleManager: Shutting down and abandoning module AnimationModifiers (36)
[2019.11.13-01.17.40:295][ 49]LogModuleManager: Shutting down and abandoning module PropertyEditor (35)
[2019.11.13-01.17.40:295][ 49]LogModuleManager: Shutting down and abandoning module AudioEditor (32)
[2019.11.13-01.17.40:295][ 49]LogModuleManager: Shutting down and abandoning module TextureCompressor (30)
[2019.11.13-01.17.40:295][ 49]LogModuleManager: Shutting down and abandoning module ShaderCore (28)
[2019.11.13-01.17.40:296][ 49]LogModuleManager: Shutting down and abandoning module Landscape (26)
[2019.11.13-01.17.40:296][ 49]LogModuleManager: Shutting down and abandoning module SlateRHIRenderer (24)
[2019.11.13-01.17.40:296][ 49]LogModuleManager: Shutting down and abandoning module OpenGLDrv (22)
[2019.11.13-01.17.40:296][ 49]LogModuleManager: Shutting down and abandoning module D3D11RHI (20)
[2019.11.13-01.17.40:296][ 49]LogModuleManager: Shutting down and abandoning module AnimGraphRuntime (18)
[2019.11.13-01.17.40:296][ 49]LogModuleManager: Shutting down and abandoning module Renderer (16)
[2019.11.13-01.17.40:296][ 49]LogModuleManager: Shutting down and abandoning module Engine (14)
[2019.11.13-01.17.40:297][ 49]LogModuleManager: Shutting down and abandoning module CoreUObject (12)
[2019.11.13-01.17.40:297][ 49]LogModuleManager: Shutting down and abandoning module NetworkFile (10)
[2019.11.13-01.17.40:297][ 49]LogModuleManager: Shutting down and abandoning module CookedIterativeFile (8)
[2019.11.13-01.17.40:297][ 49]LogModuleManager: Shutting down and abandoning module StreamingFile (6)
[2019.11.13-01.17.40:297][ 49]LogModuleManager: Shutting down and abandoning module SandboxFile (4)
[2019.11.13-01.17.40:297][ 49]LogModuleManager: Shutting down and abandoning module PakFile (2)
[2019.11.13-01.17.40:307][ 49]LogExit: Exiting.
[2019.11.13-01.17.40:317][ 49]Log file closed, 11/12/19 17:17:40
